2025-12-05 15:34:34.846 +07:00 [INF] Executed DbCommand (106ms) [Parameters=[], CommandType='"Text"', CommandTimeout='30']
SELECT 1
2025-12-05 15:34:35.033 +07:00 [INF] Executed DbCommand (75ms) [Parameters=[], CommandType='"Text"', CommandTimeout='30']
SELECT OBJECT_ID(N'[__EFMigrationsHistory]');
2025-12-05 15:34:35.043 +07:00 [INF] Executed DbCommand (3ms) [Parameters=[], CommandType='"Text"', CommandTimeout='30']
SELECT 1
2025-12-05 15:34:35.050 +07:00 [INF] Executed DbCommand (1ms) [Parameters=[], CommandType='"Text"', CommandTimeout='30']
SELECT OBJECT_ID(N'[__EFMigrationsHistory]');
2025-12-05 15:34:35.200 +07:00 [INF] Executed DbCommand (106ms) [Parameters=[], CommandType='"Text"', CommandTimeout='30']
SELECT [MigrationId], [ProductVersion]
FROM [__EFMigrationsHistory]
ORDER BY [MigrationId];
2025-12-05 15:34:35.252 +07:00 [INF] No migrations were applied. The database is already up to date.
2025-12-05 15:34:35.596 +07:00 [INF] Executed DbCommand (39ms) [Parameters=[], CommandType='"Text"', CommandTimeout='30']
SELECT CASE
    WHEN EXISTS (
        SELECT 1
        FROM [Posts] AS [p]) THEN CAST(1 AS bit)
    ELSE CAST(0 AS bit)
END
2025-12-05 15:34:36.612 +07:00 [INF] Now listening on: https://localhost:7166
2025-12-05 15:34:36.615 +07:00 [INF] Now listening on: http://localhost:5079
2025-12-05 15:34:36.890 +07:00 [INF] Application started. Press Ctrl+C to shut down.
2025-12-05 15:34:36.892 +07:00 [INF] Hosting environment: Development
2025-12-05 15:34:36.893 +07:00 [INF] Content root path: C:\Users\Do Ngoc Khanh\tts\UnifiedLearningApi\UnifiedLearningApi
2025-12-05 15:34:39.138 +07:00 [INF] Request starting HTTP/2 GET https://localhost:7166/swagger/index.html - null null
2025-12-05 15:34:39.807 +07:00 [INF] Request finished HTTP/2 GET https://localhost:7166/swagger/index.html - 200 null text/html;charset=utf-8 678.255ms
2025-12-05 15:34:40.041 +07:00 [INF] Request starting HTTP/2 GET https://localhost:7166/_framework/aspnetcore-browser-refresh.js - null null
2025-12-05 15:34:40.041 +07:00 [INF] Request starting HTTP/2 GET https://localhost:7166/_vs/browserLink - null null
2025-12-05 15:34:40.080 +07:00 [INF] Request finished HTTP/2 GET https://localhost:7166/_framework/aspnetcore-browser-refresh.js - 200 13771 application/javascript; charset=utf-8 38.335ms
2025-12-05 15:34:40.340 +07:00 [INF] Request finished HTTP/2 GET https://localhost:7166/_vs/browserLink - 200 null text/javascript; charset=UTF-8 298.7592ms
2025-12-05 15:34:40.405 +07:00 [INF] Request starting HTTP/2 GET https://localhost:7166/swagger/v1/swagger.json - null null
2025-12-05 15:34:40.452 +07:00 [INF] Request finished HTTP/2 GET https://localhost:7166/swagger/v1/swagger.json - 200 null application/json;charset=utf-8 47.4384ms
2025-12-05 15:40:06.712 +07:00 [INF] Executed DbCommand (49ms) [Parameters=[], CommandType='"Text"', CommandTimeout='30']
SELECT 1
2025-12-05 15:40:06.888 +07:00 [INF] Executed DbCommand (48ms) [Parameters=[], CommandType='"Text"', CommandTimeout='30']
SELECT OBJECT_ID(N'[__EFMigrationsHistory]');
2025-12-05 15:40:06.896 +07:00 [INF] Executed DbCommand (2ms) [Parameters=[], CommandType='"Text"', CommandTimeout='30']
SELECT 1
2025-12-05 15:40:06.902 +07:00 [INF] Executed DbCommand (1ms) [Parameters=[], CommandType='"Text"', CommandTimeout='30']
SELECT OBJECT_ID(N'[__EFMigrationsHistory]');
2025-12-05 15:40:06.998 +07:00 [INF] Executed DbCommand (50ms) [Parameters=[], CommandType='"Text"', CommandTimeout='30']
SELECT [MigrationId], [ProductVersion]
FROM [__EFMigrationsHistory]
ORDER BY [MigrationId];
2025-12-05 15:40:07.028 +07:00 [INF] No migrations were applied. The database is already up to date.
2025-12-05 15:40:07.322 +07:00 [INF] Executed DbCommand (13ms) [Parameters=[], CommandType='"Text"', CommandTimeout='30']
SELECT CASE
    WHEN EXISTS (
        SELECT 1
        FROM [Posts] AS [p]) THEN CAST(1 AS bit)
    ELSE CAST(0 AS bit)
END
2025-12-05 15:40:08.029 +07:00 [INF] Now listening on: https://localhost:7166
2025-12-05 15:40:08.031 +07:00 [INF] Now listening on: http://localhost:5079
2025-12-05 15:40:08.149 +07:00 [INF] Application started. Press Ctrl+C to shut down.
2025-12-05 15:40:08.153 +07:00 [INF] Hosting environment: Development
2025-12-05 15:40:08.155 +07:00 [INF] Content root path: C:\Users\Do Ngoc Khanh\tts\UnifiedLearningApi\UnifiedLearningApi
2025-12-05 15:40:09.831 +07:00 [INF] Request starting HTTP/2 GET https://localhost:7166/swagger/index.html - null null
2025-12-05 15:40:10.314 +07:00 [INF] Request finished HTTP/2 GET https://localhost:7166/swagger/index.html - 200 null text/html;charset=utf-8 491.68ms
2025-12-05 15:40:10.399 +07:00 [INF] Request starting HTTP/2 GET https://localhost:7166/_framework/aspnetcore-browser-refresh.js - null null
2025-12-05 15:40:10.399 +07:00 [INF] Request starting HTTP/2 GET https://localhost:7166/_vs/browserLink - null null
2025-12-05 15:40:10.421 +07:00 [INF] Request finished HTTP/2 GET https://localhost:7166/_framework/aspnetcore-browser-refresh.js - 200 13771 application/javascript; charset=utf-8 22.4716ms
2025-12-05 15:40:10.565 +07:00 [INF] Request finished HTTP/2 GET https://localhost:7166/_vs/browserLink - 200 null text/javascript; charset=UTF-8 166.972ms
2025-12-05 15:40:10.616 +07:00 [INF] Request starting HTTP/2 GET https://localhost:7166/swagger/v1/swagger.json - null null
2025-12-05 15:40:10.688 +07:00 [INF] Request finished HTTP/2 GET https://localhost:7166/swagger/v1/swagger.json - 200 null application/json;charset=utf-8 72.1976ms
2025-12-05 15:46:46.794 +07:00 [INF] Executed DbCommand (74ms) [Parameters=[], CommandType='"Text"', CommandTimeout='30']
SELECT 1
2025-12-05 15:46:46.969 +07:00 [INF] Executed DbCommand (65ms) [Parameters=[], CommandType='"Text"', CommandTimeout='30']
SELECT OBJECT_ID(N'[__EFMigrationsHistory]');
2025-12-05 15:46:46.976 +07:00 [INF] Executed DbCommand (1ms) [Parameters=[], CommandType='"Text"', CommandTimeout='30']
SELECT 1
2025-12-05 15:46:46.980 +07:00 [INF] Executed DbCommand (0ms) [Parameters=[], CommandType='"Text"', CommandTimeout='30']
SELECT OBJECT_ID(N'[__EFMigrationsHistory]');
2025-12-05 15:46:47.095 +07:00 [INF] Executed DbCommand (82ms) [Parameters=[], CommandType='"Text"', CommandTimeout='30']
SELECT [MigrationId], [ProductVersion]
FROM [__EFMigrationsHistory]
ORDER BY [MigrationId];
2025-12-05 15:46:47.128 +07:00 [INF] No migrations were applied. The database is already up to date.
2025-12-05 15:46:47.499 +07:00 [INF] Executed DbCommand (43ms) [Parameters=[], CommandType='"Text"', CommandTimeout='30']
SELECT CASE
    WHEN EXISTS (
        SELECT 1
        FROM [Posts] AS [p]) THEN CAST(1 AS bit)
    ELSE CAST(0 AS bit)
END
2025-12-05 15:46:48.471 +07:00 [INF] Now listening on: https://localhost:7166
2025-12-05 15:46:48.474 +07:00 [INF] Now listening on: http://localhost:5079
2025-12-05 15:46:48.814 +07:00 [INF] Application started. Press Ctrl+C to shut down.
2025-12-05 15:46:48.819 +07:00 [INF] Hosting environment: Development
2025-12-05 15:46:48.821 +07:00 [INF] Content root path: C:\Users\Do Ngoc Khanh\tts\UnifiedLearningApi\UnifiedLearningApi
2025-12-05 15:46:50.034 +07:00 [INF] Request starting HTTP/2 GET https://localhost:7166/swagger/index.html - null null
2025-12-05 15:46:50.472 +07:00 [INF] Request finished HTTP/2 GET https://localhost:7166/swagger/index.html - 200 null text/html;charset=utf-8 452.3226ms
2025-12-05 15:46:50.520 +07:00 [INF] Request starting HTTP/2 GET https://localhost:7166/_vs/browserLink - null null
2025-12-05 15:46:50.520 +07:00 [INF] Request starting HTTP/2 GET https://localhost:7166/_framework/aspnetcore-browser-refresh.js - null null
2025-12-05 15:46:50.601 +07:00 [INF] Request finished HTTP/2 GET https://localhost:7166/_framework/aspnetcore-browser-refresh.js - 200 13771 application/javascript; charset=utf-8 81.7127ms
2025-12-05 15:46:50.724 +07:00 [INF] Request finished HTTP/2 GET https://localhost:7166/_vs/browserLink - 200 null text/javascript; charset=UTF-8 204.1296ms
2025-12-05 15:46:50.815 +07:00 [INF] Request starting HTTP/2 GET https://localhost:7166/swagger/v1/swagger.json - null null
2025-12-05 15:46:50.859 +07:00 [INF] Request finished HTTP/2 GET https://localhost:7166/swagger/v1/swagger.json - 200 null application/json;charset=utf-8 44.478ms
2025-12-05 15:52:41.559 +07:00 [INF] Executed DbCommand (70ms) [Parameters=[], CommandType='"Text"', CommandTimeout='30']
SELECT 1
2025-12-05 15:52:41.739 +07:00 [INF] Executed DbCommand (69ms) [Parameters=[], CommandType='"Text"', CommandTimeout='30']
SELECT OBJECT_ID(N'[__EFMigrationsHistory]');
2025-12-05 15:52:41.747 +07:00 [INF] Executed DbCommand (3ms) [Parameters=[], CommandType='"Text"', CommandTimeout='30']
SELECT 1
2025-12-05 15:52:41.753 +07:00 [INF] Executed DbCommand (1ms) [Parameters=[], CommandType='"Text"', CommandTimeout='30']
SELECT OBJECT_ID(N'[__EFMigrationsHistory]');
2025-12-05 15:52:41.878 +07:00 [INF] Executed DbCommand (79ms) [Parameters=[], CommandType='"Text"', CommandTimeout='30']
SELECT [MigrationId], [ProductVersion]
FROM [__EFMigrationsHistory]
ORDER BY [MigrationId];
2025-12-05 15:52:41.915 +07:00 [INF] No migrations were applied. The database is already up to date.
2025-12-05 15:52:42.339 +07:00 [INF] Executed DbCommand (44ms) [Parameters=[], CommandType='"Text"', CommandTimeout='30']
SELECT CASE
    WHEN EXISTS (
        SELECT 1
        FROM [Posts] AS [p]) THEN CAST(1 AS bit)
    ELSE CAST(0 AS bit)
END
2025-12-05 15:52:43.226 +07:00 [INF] Now listening on: https://localhost:7166
2025-12-05 15:52:43.230 +07:00 [INF] Now listening on: http://localhost:5079
2025-12-05 15:52:43.328 +07:00 [INF] Application started. Press Ctrl+C to shut down.
2025-12-05 15:52:43.331 +07:00 [INF] Hosting environment: Development
2025-12-05 15:52:43.334 +07:00 [INF] Content root path: C:\Users\Do Ngoc Khanh\tts\UnifiedLearningApi\UnifiedLearningApi
2025-12-05 15:52:44.325 +07:00 [INF] Request starting HTTP/2 GET https://localhost:7166/swagger/index.html - null null
2025-12-05 15:52:44.756 +07:00 [INF] Request finished HTTP/2 GET https://localhost:7166/swagger/index.html - 200 null text/html;charset=utf-8 448.1154ms
2025-12-05 15:52:44.831 +07:00 [INF] Request starting HTTP/2 GET https://localhost:7166/_framework/aspnetcore-browser-refresh.js - null null
2025-12-05 15:52:44.831 +07:00 [INF] Request starting HTTP/2 GET https://localhost:7166/_vs/browserLink - null null
2025-12-05 15:52:44.860 +07:00 [INF] Request finished HTTP/2 GET https://localhost:7166/_framework/aspnetcore-browser-refresh.js - 200 13771 application/javascript; charset=utf-8 30.4173ms
2025-12-05 15:52:44.939 +07:00 [INF] Request finished HTTP/2 GET https://localhost:7166/_vs/browserLink - 200 null text/javascript; charset=UTF-8 108.5286ms
2025-12-05 15:52:45.028 +07:00 [INF] Request starting HTTP/2 GET https://localhost:7166/swagger/v1/swagger.json - null null
2025-12-05 15:52:45.085 +07:00 [INF] Request finished HTTP/2 GET https://localhost:7166/swagger/v1/swagger.json - 200 null application/json;charset=utf-8 56.6059ms
2025-12-05 16:00:11.338 +07:00 [INF] Executed DbCommand (78ms) [Parameters=[], CommandType='"Text"', CommandTimeout='30']
SELECT 1
2025-12-05 16:00:11.534 +07:00 [INF] Executed DbCommand (45ms) [Parameters=[], CommandType='"Text"', CommandTimeout='30']
SELECT OBJECT_ID(N'[__EFMigrationsHistory]');
2025-12-05 16:00:11.546 +07:00 [INF] Executed DbCommand (2ms) [Parameters=[], CommandType='"Text"', CommandTimeout='30']
SELECT 1
2025-12-05 16:00:11.550 +07:00 [INF] Executed DbCommand (1ms) [Parameters=[], CommandType='"Text"', CommandTimeout='30']
SELECT OBJECT_ID(N'[__EFMigrationsHistory]');
2025-12-05 16:00:11.670 +07:00 [INF] Executed DbCommand (80ms) [Parameters=[], CommandType='"Text"', CommandTimeout='30']
SELECT [MigrationId], [ProductVersion]
FROM [__EFMigrationsHistory]
ORDER BY [MigrationId];
2025-12-05 16:00:11.704 +07:00 [INF] No migrations were applied. The database is already up to date.
2025-12-05 16:00:12.125 +07:00 [INF] Executed DbCommand (43ms) [Parameters=[], CommandType='"Text"', CommandTimeout='30']
SELECT CASE
    WHEN EXISTS (
        SELECT 1
        FROM [Posts] AS [p]) THEN CAST(1 AS bit)
    ELSE CAST(0 AS bit)
END
2025-12-05 16:00:12.960 +07:00 [INF] Now listening on: https://localhost:7166
2025-12-05 16:00:12.963 +07:00 [INF] Now listening on: http://localhost:5079
2025-12-05 16:00:13.096 +07:00 [INF] Application started. Press Ctrl+C to shut down.
2025-12-05 16:00:13.099 +07:00 [INF] Hosting environment: Development
2025-12-05 16:00:13.102 +07:00 [INF] Content root path: C:\Users\Do Ngoc Khanh\tts\UnifiedLearningApi\UnifiedLearningApi
2025-12-05 16:00:14.797 +07:00 [INF] Request starting HTTP/2 GET https://localhost:7166/swagger/index.html - null null
2025-12-05 16:00:15.283 +07:00 [INF] Request finished HTTP/2 GET https://localhost:7166/swagger/index.html - 200 null text/html;charset=utf-8 498.3276ms
2025-12-05 16:00:15.391 +07:00 [INF] Request starting HTTP/2 GET https://localhost:7166/_framework/aspnetcore-browser-refresh.js - null null
2025-12-05 16:00:15.391 +07:00 [INF] Request starting HTTP/2 GET https://localhost:7166/_vs/browserLink - null null
2025-12-05 16:00:15.416 +07:00 [INF] Request finished HTTP/2 GET https://localhost:7166/_framework/aspnetcore-browser-refresh.js - 200 13771 application/javascript; charset=utf-8 25.7406ms
2025-12-05 16:00:15.526 +07:00 [INF] Request finished HTTP/2 GET https://localhost:7166/_vs/browserLink - 200 null text/javascript; charset=UTF-8 134.92ms
2025-12-05 16:00:15.623 +07:00 [INF] Request starting HTTP/2 GET https://localhost:7166/swagger/v1/swagger.json - null null
2025-12-05 16:00:15.673 +07:00 [INF] Request finished HTTP/2 GET https://localhost:7166/swagger/v1/swagger.json - 200 null application/json;charset=utf-8 50.4646ms
2025-12-05 16:05:48.932 +07:00 [INF] Executed DbCommand (48ms) [Parameters=[], CommandType='"Text"', CommandTimeout='30']
SELECT 1
2025-12-05 16:05:49.127 +07:00 [INF] Executed DbCommand (72ms) [Parameters=[], CommandType='"Text"', CommandTimeout='30']
SELECT OBJECT_ID(N'[__EFMigrationsHistory]');
2025-12-05 16:05:49.136 +07:00 [INF] Executed DbCommand (2ms) [Parameters=[], CommandType='"Text"', CommandTimeout='30']
SELECT 1
2025-12-05 16:05:49.143 +07:00 [INF] Executed DbCommand (1ms) [Parameters=[], CommandType='"Text"', CommandTimeout='30']
SELECT OBJECT_ID(N'[__EFMigrationsHistory]');
2025-12-05 16:05:49.258 +07:00 [INF] Executed DbCommand (82ms) [Parameters=[], CommandType='"Text"', CommandTimeout='30']
SELECT [MigrationId], [ProductVersion]
FROM [__EFMigrationsHistory]
ORDER BY [MigrationId];
2025-12-05 16:05:49.284 +07:00 [INF] No migrations were applied. The database is already up to date.
2025-12-05 16:05:49.623 +07:00 [INF] Executed DbCommand (35ms) [Parameters=[], CommandType='"Text"', CommandTimeout='30']
SELECT CASE
    WHEN EXISTS (
        SELECT 1
        FROM [Posts] AS [p]) THEN CAST(1 AS bit)
    ELSE CAST(0 AS bit)
END
2025-12-05 16:05:50.439 +07:00 [INF] Now listening on: https://localhost:7166
2025-12-05 16:05:50.441 +07:00 [INF] Now listening on: http://localhost:5079
2025-12-05 16:05:50.580 +07:00 [INF] Application started. Press Ctrl+C to shut down.
2025-12-05 16:05:50.583 +07:00 [INF] Hosting environment: Development
2025-12-05 16:05:50.591 +07:00 [INF] Content root path: C:\Users\Do Ngoc Khanh\tts\UnifiedLearningApi\UnifiedLearningApi
2025-12-05 16:05:52.031 +07:00 [INF] Request starting HTTP/2 GET https://localhost:7166/swagger/index.html - null null
2025-12-05 16:05:52.323 +07:00 [ERR] An unhandled exception has occurred while executing the request.
System.InvalidOperationException: Unable to resolve service for type 'Swashbuckle.AspNetCore.Swagger.ISwaggerProvider' while attempting to Invoke middleware 'Swashbuckle.AspNetCore.Swagger.SwaggerMiddleware'.
   at Microsoft.AspNetCore.Builder.UseMiddlewareExtensions.GetService(IServiceProvider sp, Type type, Type middleware)
   at lambda_method5(Closure, Object, HttpContext, IServiceProvider)
   at Microsoft.AspNetCore.Authentication.AuthenticationMiddleware.Invoke(HttpContext context)
   at Microsoft.AspNetCore.Diagnostics.DeveloperExceptionPageMiddlewareImpl.Invoke(HttpContext context)
2025-12-05 16:05:52.474 +07:00 [INF] Request finished HTTP/2 GET https://localhost:7166/swagger/index.html - 500 null text/html; charset=utf-8 460.0774ms
2025-12-05 16:05:52.567 +07:00 [INF] Request starting HTTP/2 GET https://localhost:7166/_vs/browserLink - null null
2025-12-05 16:05:52.631 +07:00 [INF] Request starting HTTP/2 GET https://localhost:7166/_framework/aspnetcore-browser-refresh.js - null null
2025-12-05 16:05:52.662 +07:00 [INF] Request finished HTTP/2 GET https://localhost:7166/_framework/aspnetcore-browser-refresh.js - 200 13771 application/javascript; charset=utf-8 31.0984ms
2025-12-05 16:05:52.701 +07:00 [INF] Request finished HTTP/2 GET https://localhost:7166/_vs/browserLink - 200 null text/javascript; charset=UTF-8 133.6281ms
2025-12-05 16:05:52.749 +07:00 [INF] Request starting HTTP/2 GET https://localhost:7166/favicon.ico - null null
2025-12-05 16:05:52.758 +07:00 [ERR] An unhandled exception has occurred while executing the request.
System.InvalidOperationException: Unable to resolve service for type 'Swashbuckle.AspNetCore.Swagger.ISwaggerProvider' while attempting to Invoke middleware 'Swashbuckle.AspNetCore.Swagger.SwaggerMiddleware'.
   at Microsoft.AspNetCore.Builder.UseMiddlewareExtensions.GetService(IServiceProvider sp, Type type, Type middleware)
   at lambda_method5(Closure, Object, HttpContext, IServiceProvider)
   at Microsoft.AspNetCore.Authentication.AuthenticationMiddleware.Invoke(HttpContext context)
   at Microsoft.AspNetCore.Diagnostics.DeveloperExceptionPageMiddlewareImpl.Invoke(HttpContext context)
2025-12-05 16:05:52.767 +07:00 [INF] Request finished HTTP/2 GET https://localhost:7166/favicon.ico - 500 null text/plain; charset=utf-8 18.6623ms
2025-12-05 16:12:28.114 +07:00 [INF] Executed DbCommand (70ms) [Parameters=[], CommandType='"Text"', CommandTimeout='30']
SELECT 1
2025-12-05 16:12:28.293 +07:00 [INF] Executed DbCommand (68ms) [Parameters=[], CommandType='"Text"', CommandTimeout='30']
SELECT OBJECT_ID(N'[__EFMigrationsHistory]');
2025-12-05 16:12:28.301 +07:00 [INF] Executed DbCommand (2ms) [Parameters=[], CommandType='"Text"', CommandTimeout='30']
SELECT 1
2025-12-05 16:12:28.306 +07:00 [INF] Executed DbCommand (1ms) [Parameters=[], CommandType='"Text"', CommandTimeout='30']
SELECT OBJECT_ID(N'[__EFMigrationsHistory]');
2025-12-05 16:12:28.417 +07:00 [INF] Executed DbCommand (78ms) [Parameters=[], CommandType='"Text"', CommandTimeout='30']
SELECT [MigrationId], [ProductVersion]
FROM [__EFMigrationsHistory]
ORDER BY [MigrationId];
2025-12-05 16:12:28.450 +07:00 [INF] No migrations were applied. The database is already up to date.
2025-12-05 16:12:28.813 +07:00 [INF] Executed DbCommand (40ms) [Parameters=[], CommandType='"Text"', CommandTimeout='30']
SELECT CASE
    WHEN EXISTS (
        SELECT 1
        FROM [Posts] AS [p]) THEN CAST(1 AS bit)
    ELSE CAST(0 AS bit)
END
2025-12-05 16:12:29.647 +07:00 [INF] Now listening on: https://localhost:7166
2025-12-05 16:12:29.651 +07:00 [INF] Now listening on: http://localhost:5079
2025-12-05 16:12:29.955 +07:00 [INF] Application started. Press Ctrl+C to shut down.
2025-12-05 16:12:29.960 +07:00 [INF] Hosting environment: Development
2025-12-05 16:12:29.961 +07:00 [INF] Content root path: C:\Users\Do Ngoc Khanh\tts\UnifiedLearningApi\UnifiedLearningApi
2025-12-05 16:12:31.498 +07:00 [INF] Request starting HTTP/2 GET https://localhost:7166/swagger/index.html - null null
2025-12-05 16:12:31.951 +07:00 [INF] Request finished HTTP/2 GET https://localhost:7166/swagger/index.html - 200 null text/html;charset=utf-8 465.1393ms
2025-12-05 16:12:32.036 +07:00 [INF] Request starting HTTP/2 GET https://localhost:7166/_vs/browserLink - null null
2025-12-05 16:12:32.036 +07:00 [INF] Request starting HTTP/2 GET https://localhost:7166/_framework/aspnetcore-browser-refresh.js - null null
2025-12-05 16:12:32.096 +07:00 [INF] Request finished HTTP/2 GET https://localhost:7166/_framework/aspnetcore-browser-refresh.js - 200 13771 application/javascript; charset=utf-8 60.7103ms
2025-12-05 16:12:32.202 +07:00 [INF] Request finished HTTP/2 GET https://localhost:7166/_vs/browserLink - 200 null text/javascript; charset=UTF-8 166.4348ms
2025-12-05 16:12:32.275 +07:00 [INF] Request starting HTTP/2 GET https://localhost:7166/swagger/v1/swagger.json - null null
2025-12-05 16:12:32.323 +07:00 [INF] Request finished HTTP/2 GET https://localhost:7166/swagger/v1/swagger.json - 200 null application/json;charset=utf-8 49.2778ms
2025-12-05 16:16:32.824 +07:00 [INF] Executed DbCommand (66ms) [Parameters=[], CommandType='"Text"', CommandTimeout='30']
SELECT 1
2025-12-05 16:16:33.143 +07:00 [INF] Executed DbCommand (76ms) [Parameters=[], CommandType='"Text"', CommandTimeout='30']
SELECT OBJECT_ID(N'[__EFMigrationsHistory]');
2025-12-05 16:16:33.153 +07:00 [INF] Executed DbCommand (2ms) [Parameters=[], CommandType='"Text"', CommandTimeout='30']
SELECT 1
2025-12-05 16:16:33.161 +07:00 [INF] Executed DbCommand (1ms) [Parameters=[], CommandType='"Text"', CommandTimeout='30']
SELECT OBJECT_ID(N'[__EFMigrationsHistory]');
2025-12-05 16:16:33.282 +07:00 [INF] Executed DbCommand (89ms) [Parameters=[], CommandType='"Text"', CommandTimeout='30']
SELECT [MigrationId], [ProductVersion]
FROM [__EFMigrationsHistory]
ORDER BY [MigrationId];
2025-12-05 16:16:33.326 +07:00 [INF] No migrations were applied. The database is already up to date.
2025-12-05 16:16:33.739 +07:00 [INF] Executed DbCommand (67ms) [Parameters=[], CommandType='"Text"', CommandTimeout='30']
SELECT CASE
    WHEN EXISTS (
        SELECT 1
        FROM [Posts] AS [p]) THEN CAST(1 AS bit)
    ELSE CAST(0 AS bit)
END
2025-12-05 16:16:34.760 +07:00 [INF] Now listening on: https://localhost:7166
2025-12-05 16:16:34.764 +07:00 [INF] Now listening on: http://localhost:5079
2025-12-05 16:16:34.904 +07:00 [INF] Application started. Press Ctrl+C to shut down.
2025-12-05 16:16:34.907 +07:00 [INF] Hosting environment: Development
2025-12-05 16:16:34.910 +07:00 [INF] Content root path: C:\Users\Do Ngoc Khanh\tts\UnifiedLearningApi\UnifiedLearningApi
2025-12-05 16:16:36.359 +07:00 [INF] Request starting HTTP/2 GET https://localhost:7166/swagger/index.html - null null
2025-12-05 16:16:36.775 +07:00 [INF] Request finished HTTP/2 GET https://localhost:7166/swagger/index.html - 200 null text/html;charset=utf-8 434.3109ms
2025-12-05 16:16:36.879 +07:00 [INF] Request starting HTTP/2 GET https://localhost:7166/_vs/browserLink - null null
2025-12-05 16:16:36.879 +07:00 [INF] Request starting HTTP/2 GET https://localhost:7166/_framework/aspnetcore-browser-refresh.js - null null
2025-12-05 16:16:36.924 +07:00 [INF] Request finished HTTP/2 GET https://localhost:7166/_framework/aspnetcore-browser-refresh.js - 200 13771 application/javascript; charset=utf-8 45.8337ms
2025-12-05 16:16:36.974 +07:00 [INF] Request finished HTTP/2 GET https://localhost:7166/_vs/browserLink - 200 null text/javascript; charset=UTF-8 95.6053ms
2025-12-05 16:16:37.071 +07:00 [INF] Request starting HTTP/2 GET https://localhost:7166/swagger/v1/swagger.json - null null
2025-12-05 16:16:37.130 +07:00 [INF] Request finished HTTP/2 GET https://localhost:7166/swagger/v1/swagger.json - 200 null application/json;charset=utf-8 59.7574ms
2025-12-05 16:16:47.696 +07:00 [INF] Request starting HTTP/2 GET https://localhost:7166/swagger/v1/swagger.json - null null
2025-12-05 16:16:47.726 +07:00 [INF] Request finished HTTP/2 GET https://localhost:7166/swagger/v1/swagger.json - 200 null application/json;charset=utf-8 30.4343ms
2025-12-05 16:16:48.075 +07:00 [INF] Request starting HTTP/2 GET https://localhost:7166/favicon.ico - null null
2025-12-05 16:16:48.102 +07:00 [INF] Request finished HTTP/2 GET https://localhost:7166/favicon.ico - 404 0 null 27.9879ms
2025-12-05 16:16:48.111 +07:00 [INF] Request reached the end of the middleware pipeline without being handled by application code. Request path: GET https://localhost:7166/favicon.ico, Response status code: 404
2025-12-05 16:17:12.728 +07:00 [INF] Request starting HTTP/2 GET https://localhost:7166/swagger/v1/swagger.json - null null
2025-12-05 16:17:12.775 +07:00 [INF] Request finished HTTP/2 GET https://localhost:7166/swagger/v1/swagger.json - 200 null application/json;charset=utf-8 45.2059ms
2025-12-05 16:18:10.676 +07:00 [INF] Request starting HTTP/2 GET https://localhost:7166/swagger/index.html - null null
2025-12-05 16:18:10.707 +07:00 [INF] Request finished HTTP/2 GET https://localhost:7166/swagger/index.html - 200 null text/html;charset=utf-8 31.4595ms
2025-12-05 16:18:10.819 +07:00 [INF] Request starting HTTP/2 GET https://localhost:7166/_vs/browserLink - null null
2025-12-05 16:18:10.830 +07:00 [INF] Request starting HTTP/2 GET https://localhost:7166/_framework/aspnetcore-browser-refresh.js - null null
2025-12-05 16:18:10.853 +07:00 [INF] Request finished HTTP/2 GET https://localhost:7166/_framework/aspnetcore-browser-refresh.js - 200 13771 application/javascript; charset=utf-8 23.0809ms
2025-12-05 16:18:10.869 +07:00 [INF] Request finished HTTP/2 GET https://localhost:7166/_vs/browserLink - 200 null text/javascript; charset=UTF-8 50.2329ms
2025-12-05 16:18:10.908 +07:00 [INF] Request starting HTTP/2 GET https://localhost:7166/swagger/v1/swagger.json - null null
2025-12-05 16:18:10.943 +07:00 [INF] Request finished HTTP/2 GET https://localhost:7166/swagger/v1/swagger.json - 200 null application/json;charset=utf-8 35.9531ms
2025-12-05 16:18:12.239 +07:00 [INF] Request starting HTTP/2 GET https://localhost:7166/swagger/index.html - null null
2025-12-05 16:18:12.255 +07:00 [INF] Request finished HTTP/2 GET https://localhost:7166/swagger/index.html - 200 null text/html;charset=utf-8 14.5247ms
2025-12-05 16:18:12.295 +07:00 [INF] Request starting HTTP/2 GET https://localhost:7166/_vs/browserLink - null null
2025-12-05 16:18:12.297 +07:00 [INF] Request starting HTTP/2 GET https://localhost:7166/_framework/aspnetcore-browser-refresh.js - null null
2025-12-05 16:18:12.306 +07:00 [INF] Request finished HTTP/2 GET https://localhost:7166/_framework/aspnetcore-browser-refresh.js - 200 13771 application/javascript; charset=utf-8 9.7451ms
2025-12-05 16:18:12.318 +07:00 [INF] Request finished HTTP/2 GET https://localhost:7166/_vs/browserLink - 200 null text/javascript; charset=UTF-8 22.5404ms
2025-12-05 16:18:12.337 +07:00 [INF] Request starting HTTP/2 GET https://localhost:7166/swagger/v1/swagger.json - null null
2025-12-05 16:18:12.352 +07:00 [INF] Request finished HTTP/2 GET https://localhost:7166/swagger/v1/swagger.json - 200 null application/json;charset=utf-8 15.2703ms
2025-12-05 16:18:12.869 +07:00 [INF] Request starting HTTP/2 GET https://localhost:7166/swagger/index.html - null null
2025-12-05 16:18:12.881 +07:00 [INF] Request finished HTTP/2 GET https://localhost:7166/swagger/index.html - 200 null text/html;charset=utf-8 12.0556ms
2025-12-05 16:18:12.915 +07:00 [INF] Request starting HTTP/2 GET https://localhost:7166/_vs/browserLink - null null
2025-12-05 16:18:12.923 +07:00 [INF] Request starting HTTP/2 GET https://localhost:7166/_framework/aspnetcore-browser-refresh.js - null null
2025-12-05 16:18:12.930 +07:00 [INF] Request finished HTTP/2 GET https://localhost:7166/_framework/aspnetcore-browser-refresh.js - 200 13771 application/javascript; charset=utf-8 7.181ms
2025-12-05 16:18:12.938 +07:00 [INF] Request finished HTTP/2 GET https://localhost:7166/_vs/browserLink - 200 null text/javascript; charset=UTF-8 23.1215ms
2025-12-05 16:18:12.963 +07:00 [INF] Request starting HTTP/2 GET https://localhost:7166/swagger/v1/swagger.json - null null
2025-12-05 16:18:12.976 +07:00 [INF] Request finished HTTP/2 GET https://localhost:7166/swagger/v1/swagger.json - 200 null application/json;charset=utf-8 13.4558ms
2025-12-05 16:18:13.292 +07:00 [INF] Request starting HTTP/2 GET https://localhost:7166/swagger/index.html - null null
2025-12-05 16:18:13.304 +07:00 [INF] Request finished HTTP/2 GET https://localhost:7166/swagger/index.html - 200 null text/html;charset=utf-8 12.1994ms
2025-12-05 16:18:13.328 +07:00 [INF] Request starting HTTP/2 GET https://localhost:7166/_vs/browserLink - null null
2025-12-05 16:18:13.339 +07:00 [INF] Request starting HTTP/2 GET https://localhost:7166/_framework/aspnetcore-browser-refresh.js - null null
2025-12-05 16:18:13.349 +07:00 [INF] Request finished HTTP/2 GET https://localhost:7166/_framework/aspnetcore-browser-refresh.js - 200 13771 application/javascript; charset=utf-8 11.003ms
2025-12-05 16:18:13.356 +07:00 [INF] Request finished HTTP/2 GET https://localhost:7166/_vs/browserLink - 200 null text/javascript; charset=UTF-8 28.4116ms
2025-12-05 16:18:13.376 +07:00 [INF] Request starting HTTP/2 GET https://localhost:7166/swagger/v1/swagger.json - null null
2025-12-05 16:18:13.385 +07:00 [INF] Request finished HTTP/2 GET https://localhost:7166/swagger/v1/swagger.json - 200 null application/json;charset=utf-8 10.0787ms
2025-12-05 16:18:13.670 +07:00 [INF] Request starting HTTP/2 GET https://localhost:7166/swagger/index.html - null null
2025-12-05 16:18:13.687 +07:00 [INF] Request finished HTTP/2 GET https://localhost:7166/swagger/index.html - 200 null text/html;charset=utf-8 16.8974ms
2025-12-05 16:18:13.719 +07:00 [INF] Request starting HTTP/2 GET https://localhost:7166/_vs/browserLink - null null
2025-12-05 16:18:13.724 +07:00 [INF] Request starting HTTP/2 GET https://localhost:7166/_framework/aspnetcore-browser-refresh.js - null null
2025-12-05 16:18:13.730 +07:00 [INF] Request finished HTTP/2 GET https://localhost:7166/_framework/aspnetcore-browser-refresh.js - 200 13771 application/javascript; charset=utf-8 6.0012ms
2025-12-05 16:18:13.735 +07:00 [INF] Request finished HTTP/2 GET https://localhost:7166/_vs/browserLink - 200 null text/javascript; charset=UTF-8 17.4103ms
2025-12-05 16:18:13.759 +07:00 [INF] Request starting HTTP/2 GET https://localhost:7166/swagger/v1/swagger.json - null null
2025-12-05 16:18:13.769 +07:00 [INF] Request finished HTTP/2 GET https://localhost:7166/swagger/v1/swagger.json - 200 null application/json;charset=utf-8 11.1612ms
2025-12-05 16:19:20.016 +07:00 [INF] Executed DbCommand (26ms) [Parameters=[], CommandType='"Text"', CommandTimeout='30']
SELECT 1
2025-12-05 16:19:20.168 +07:00 [INF] Executed DbCommand (63ms) [Parameters=[], CommandType='"Text"', CommandTimeout='30']
SELECT OBJECT_ID(N'[__EFMigrationsHistory]');
2025-12-05 16:19:20.181 +07:00 [INF] Executed DbCommand (3ms) [Parameters=[], CommandType='"Text"', CommandTimeout='30']
SELECT 1
2025-12-05 16:19:20.186 +07:00 [INF] Executed DbCommand (1ms) [Parameters=[], CommandType='"Text"', CommandTimeout='30']
SELECT OBJECT_ID(N'[__EFMigrationsHistory]');
2025-12-05 16:19:20.303 +07:00 [INF] Executed DbCommand (71ms) [Parameters=[], CommandType='"Text"', CommandTimeout='30']
SELECT [MigrationId], [ProductVersion]
FROM [__EFMigrationsHistory]
ORDER BY [MigrationId];
2025-12-05 16:19:20.329 +07:00 [INF] No migrations were applied. The database is already up to date.
2025-12-05 16:19:20.635 +07:00 [INF] Executed DbCommand (21ms) [Parameters=[], CommandType='"Text"', CommandTimeout='30']
SELECT CASE
    WHEN EXISTS (
        SELECT 1
        FROM [Posts] AS [p]) THEN CAST(1 AS bit)
    ELSE CAST(0 AS bit)
END
2025-12-05 16:19:21.381 +07:00 [INF] Now listening on: https://localhost:7166
2025-12-05 16:19:21.382 +07:00 [INF] Now listening on: http://localhost:5079
2025-12-05 16:19:21.624 +07:00 [INF] Application started. Press Ctrl+C to shut down.
2025-12-05 16:19:21.626 +07:00 [INF] Hosting environment: Development
2025-12-05 16:19:21.628 +07:00 [INF] Content root path: C:\Users\Do Ngoc Khanh\tts\UnifiedLearningApi\UnifiedLearningApi
2025-12-05 16:19:23.033 +07:00 [INF] Request starting HTTP/2 GET https://localhost:7166/swagger/index.html - null null
2025-12-05 16:19:23.454 +07:00 [INF] Request finished HTTP/2 GET https://localhost:7166/swagger/index.html - 200 null text/html;charset=utf-8 428.3905ms
2025-12-05 16:19:23.507 +07:00 [INF] Request starting HTTP/2 GET https://localhost:7166/_framework/aspnetcore-browser-refresh.js - null null
2025-12-05 16:19:23.507 +07:00 [INF] Request starting HTTP/2 GET https://localhost:7166/_vs/browserLink - null null
2025-12-05 16:19:23.545 +07:00 [INF] Request finished HTTP/2 GET https://localhost:7166/_framework/aspnetcore-browser-refresh.js - 200 13771 application/javascript; charset=utf-8 38.4682ms
2025-12-05 16:19:23.619 +07:00 [INF] Request finished HTTP/2 GET https://localhost:7166/_vs/browserLink - 200 null text/javascript; charset=UTF-8 112.8649ms
2025-12-05 16:19:23.667 +07:00 [INF] Request starting HTTP/2 GET https://localhost:7166/swagger/v1/swagger.json - null null
2025-12-05 16:19:23.712 +07:00 [INF] Request finished HTTP/2 GET https://localhost:7166/swagger/v1/swagger.json - 200 null application/json;charset=utf-8 44.8533ms
2025-12-05 16:19:31.136 +07:00 [INF] Request starting HTTP/2 GET https://localhost:7166/swagger/v1/swagger.json - null null
2025-12-05 16:19:31.157 +07:00 [INF] Request finished HTTP/2 GET https://localhost:7166/swagger/v1/swagger.json - 200 null application/json;charset=utf-8 22.1551ms
2025-12-05 16:41:38.211 +07:00 [INF] Executed DbCommand (77ms) [Parameters=[], CommandType='"Text"', CommandTimeout='30']
SELECT 1
2025-12-05 16:41:38.440 +07:00 [INF] Executed DbCommand (91ms) [Parameters=[], CommandType='"Text"', CommandTimeout='30']
SELECT OBJECT_ID(N'[__EFMigrationsHistory]');
2025-12-05 16:41:38.450 +07:00 [INF] Executed DbCommand (2ms) [Parameters=[], CommandType='"Text"', CommandTimeout='30']
SELECT 1
2025-12-05 16:41:38.457 +07:00 [INF] Executed DbCommand (3ms) [Parameters=[], CommandType='"Text"', CommandTimeout='30']
SELECT OBJECT_ID(N'[__EFMigrationsHistory]');
2025-12-05 16:41:38.597 +07:00 [INF] Executed DbCommand (104ms) [Parameters=[], CommandType='"Text"', CommandTimeout='30']
SELECT [MigrationId], [ProductVersion]
FROM [__EFMigrationsHistory]
ORDER BY [MigrationId];
2025-12-05 16:41:38.625 +07:00 [INF] No migrations were applied. The database is already up to date.
2025-12-05 16:41:39.114 +07:00 [INF] Executed DbCommand (55ms) [Parameters=[], CommandType='"Text"', CommandTimeout='30']
SELECT CASE
    WHEN EXISTS (
        SELECT 1
        FROM [Posts] AS [p]) THEN CAST(1 AS bit)
    ELSE CAST(0 AS bit)
END
2025-12-05 16:41:54.336 +07:00 [INF] Executed DbCommand (24ms) [Parameters=[], CommandType='"Text"', CommandTimeout='30']
SELECT 1
2025-12-05 16:41:54.472 +07:00 [INF] Executed DbCommand (18ms) [Parameters=[], CommandType='"Text"', CommandTimeout='30']
SELECT OBJECT_ID(N'[__EFMigrationsHistory]');
2025-12-05 16:41:54.479 +07:00 [INF] Executed DbCommand (2ms) [Parameters=[], CommandType='"Text"', CommandTimeout='30']
SELECT 1
2025-12-05 16:41:54.482 +07:00 [INF] Executed DbCommand (1ms) [Parameters=[], CommandType='"Text"', CommandTimeout='30']
SELECT OBJECT_ID(N'[__EFMigrationsHistory]');
2025-12-05 16:41:54.527 +07:00 [INF] Executed DbCommand (15ms) [Parameters=[], CommandType='"Text"', CommandTimeout='30']
SELECT [MigrationId], [ProductVersion]
FROM [__EFMigrationsHistory]
ORDER BY [MigrationId];
2025-12-05 16:41:54.561 +07:00 [INF] No migrations were applied. The database is already up to date.
2025-12-05 16:41:54.843 +07:00 [INF] Executed DbCommand (4ms) [Parameters=[], CommandType='"Text"', CommandTimeout='30']
SELECT CASE
    WHEN EXISTS (
        SELECT 1
        FROM [Posts] AS [p]) THEN CAST(1 AS bit)
    ELSE CAST(0 AS bit)
END
2025-12-05 16:47:42.804 +07:00 [INF] Executed DbCommand (57ms) [Parameters=[], CommandType='"Text"', CommandTimeout='30']
SELECT 1
2025-12-05 16:47:43.012 +07:00 [INF] Executed DbCommand (66ms) [Parameters=[], CommandType='"Text"', CommandTimeout='30']
SELECT OBJECT_ID(N'[__EFMigrationsHistory]');
2025-12-05 16:47:43.031 +07:00 [INF] Executed DbCommand (12ms) [Parameters=[], CommandType='"Text"', CommandTimeout='30']
SELECT 1
2025-12-05 16:47:43.038 +07:00 [INF] Executed DbCommand (1ms) [Parameters=[], CommandType='"Text"', CommandTimeout='30']
SELECT OBJECT_ID(N'[__EFMigrationsHistory]');
2025-12-05 16:47:43.151 +07:00 [INF] Executed DbCommand (72ms) [Parameters=[], CommandType='"Text"', CommandTimeout='30']
SELECT [MigrationId], [ProductVersion]
FROM [__EFMigrationsHistory]
ORDER BY [MigrationId];
2025-12-05 16:47:43.176 +07:00 [INF] No migrations were applied. The database is already up to date.
2025-12-05 16:47:43.556 +07:00 [INF] Executed DbCommand (31ms) [Parameters=[], CommandType='"Text"', CommandTimeout='30']
SELECT CASE
    WHEN EXISTS (
        SELECT 1
        FROM [Posts] AS [p]) THEN CAST(1 AS bit)
    ELSE CAST(0 AS bit)
END
2025-12-05 16:47:44.385 +07:00 [INF] Now listening on: https://localhost:7166
2025-12-05 16:47:44.388 +07:00 [INF] Now listening on: http://localhost:5079
2025-12-05 16:47:44.636 +07:00 [INF] Application started. Press Ctrl+C to shut down.
2025-12-05 16:47:44.639 +07:00 [INF] Hosting environment: Development
2025-12-05 16:47:44.641 +07:00 [INF] Content root path: C:\Users\Do Ngoc Khanh\tts\UnifiedLearningApi\UnifiedLearningApi
2025-12-05 16:47:46.632 +07:00 [INF] Request starting HTTP/2 GET https://localhost:7166/swagger/index.html - null null
2025-12-05 16:47:47.101 +07:00 [INF] Request finished HTTP/2 GET https://localhost:7166/swagger/index.html - 200 null text/html;charset=utf-8 482.0987ms
2025-12-05 16:47:47.204 +07:00 [INF] Request starting HTTP/2 GET https://localhost:7166/_framework/aspnetcore-browser-refresh.js - null null
2025-12-05 16:47:47.214 +07:00 [INF] Request starting HTTP/2 GET https://localhost:7166/_vs/browserLink - null null
2025-12-05 16:47:47.296 +07:00 [INF] Request finished HTTP/2 GET https://localhost:7166/_framework/aspnetcore-browser-refresh.js - 200 13772 application/javascript; charset=utf-8 93.0441ms
2025-12-05 16:47:47.433 +07:00 [INF] Request finished HTTP/2 GET https://localhost:7166/_vs/browserLink - 200 null text/javascript; charset=UTF-8 219.1697ms
2025-12-05 16:47:47.496 +07:00 [INF] Request starting HTTP/2 GET https://localhost:7166/swagger/v1/swagger.json - null null
2025-12-05 16:47:47.553 +07:00 [INF] Request finished HTTP/2 GET https://localhost:7166/swagger/v1/swagger.json - 200 null application/json;charset=utf-8 57.9047ms
2025-12-05 16:57:04.707 +07:00 [INF] Executed DbCommand (30ms) [Parameters=[], CommandType='"Text"', CommandTimeout='30']
SELECT 1
2025-12-05 16:57:04.860 +07:00 [INF] Executed DbCommand (44ms) [Parameters=[], CommandType='"Text"', CommandTimeout='30']
SELECT OBJECT_ID(N'[__EFMigrationsHistory]');
2025-12-05 16:57:04.867 +07:00 [INF] Executed DbCommand (1ms) [Parameters=[], CommandType='"Text"', CommandTimeout='30']
SELECT 1
2025-12-05 16:57:04.870 +07:00 [INF] Executed DbCommand (1ms) [Parameters=[], CommandType='"Text"', CommandTimeout='30']
SELECT OBJECT_ID(N'[__EFMigrationsHistory]');
2025-12-05 16:57:04.959 +07:00 [INF] Executed DbCommand (62ms) [Parameters=[], CommandType='"Text"', CommandTimeout='30']
SELECT [MigrationId], [ProductVersion]
FROM [__EFMigrationsHistory]
ORDER BY [MigrationId];
2025-12-05 16:57:04.986 +07:00 [INF] No migrations were applied. The database is already up to date.
2025-12-05 16:57:05.300 +07:00 [INF] Executed DbCommand (20ms) [Parameters=[], CommandType='"Text"', CommandTimeout='30']
SELECT CASE
    WHEN EXISTS (
        SELECT 1
        FROM [Posts] AS [p]) THEN CAST(1 AS bit)
    ELSE CAST(0 AS bit)
END
2025-12-05 16:57:05.533 +07:00 [INF] User profile is available. Using 'C:\Users\Do Ngoc Khanh\AppData\Local\ASP.NET\DataProtection-Keys' as key repository and Windows DPAPI to encrypt keys at rest.
2025-12-05 16:57:05.990 +07:00 [INF] Now listening on: https://localhost:7166
2025-12-05 16:57:05.991 +07:00 [INF] Now listening on: http://localhost:5079
2025-12-05 16:57:06.284 +07:00 [INF] Application started. Press Ctrl+C to shut down.
2025-12-05 16:57:06.288 +07:00 [INF] Hosting environment: Development
2025-12-05 16:57:06.290 +07:00 [INF] Content root path: C:\Users\Do Ngoc Khanh\tts\UnifiedLearningApi\UnifiedLearningApi
2025-12-05 16:57:07.210 +07:00 [INF] Request starting HTTP/2 GET https://localhost:7166/swagger/index.html - null null
2025-12-05 16:57:07.552 +07:00 [ERR] An unhandled exception has occurred while executing the request.
System.InvalidOperationException: The constraint reference 'apiVersion' could not be resolved to a type. Register the constraint type with 'Microsoft.AspNetCore.Routing.RouteOptions.ConstraintMap'.
   at Microsoft.AspNetCore.Routing.DefaultParameterPolicyFactory.Create(RoutePatternParameterPart parameter, String inlineText)
   at Microsoft.AspNetCore.Routing.Matching.DfaMatcherBuilder.CachingParameterPolicyFactory.Create(RoutePatternParameterPart parameter, String inlineText)
   at Microsoft.AspNetCore.Routing.Matching.DfaMatcherBuilder.CreateCandidate(Endpoint endpoint, Int32 score)
   at Microsoft.AspNetCore.Routing.Matching.DfaMatcherBuilder.CreateCandidates(IReadOnlyList`1 endpoints)
   at Microsoft.AspNetCore.Routing.Matching.DfaMatcherBuilder.AddNode(DfaNode node, DfaState[] states, Int32 exitDestination)
   at Microsoft.AspNetCore.Routing.Matching.DfaMatcherBuilder.AddNode(DfaNode node, DfaState[] states, Int32 exitDestination)
   at Microsoft.AspNetCore.Routing.Matching.DfaMatcherBuilder.AddNode(DfaNode node, DfaState[] states, Int32 exitDestination)
   at Microsoft.AspNetCore.Routing.Matching.DfaMatcherBuilder.AddNode(DfaNode node, DfaState[] states, Int32 exitDestination)
   at Microsoft.AspNetCore.Routing.Matching.DfaMatcherBuilder.AddNode(DfaNode node, DfaState[] states, Int32 exitDestination)
   at Microsoft.AspNetCore.Routing.Matching.DfaMatcherBuilder.AddNode(DfaNode node, DfaState[] states, Int32 exitDestination)
   at Microsoft.AspNetCore.Routing.Matching.DfaMatcherBuilder.Build()
   at Microsoft.AspNetCore.Routing.Matching.DataSourceDependentMatcher.CreateMatcher(IReadOnlyList`1 endpoints)
   at Microsoft.AspNetCore.Routing.DataSourceDependentCache`1.Initialize()
   at System.Threading.LazyInitializer.EnsureInitializedCore[T](T& target, Boolean& initialized, Object& syncLock, Func`1 valueFactory)
   at Microsoft.AspNetCore.Routing.Matching.DataSourceDependentMatcher..ctor(EndpointDataSource dataSource, Lifetime lifetime, Func`1 matcherBuilderFactory)
   at Microsoft.AspNetCore.Routing.Matching.DfaMatcherFactory.CreateMatcher(EndpointDataSource dataSource)
   at Microsoft.AspNetCore.Routing.EndpointRoutingMiddleware.InitializeCoreAsync()
--- End of stack trace from previous location ---
   at Microsoft.AspNetCore.Routing.EndpointRoutingMiddleware.<Invoke>g__AwaitMatcher|10_0(EndpointRoutingMiddleware middleware, HttpContext httpContext, Task`1 matcherTask)
   at Microsoft.AspNetCore.Diagnostics.DeveloperExceptionPageMiddlewareImpl.Invoke(HttpContext context)
2025-12-05 16:57:07.728 +07:00 [INF] Request finished HTTP/2 GET https://localhost:7166/swagger/index.html - 500 null text/html; charset=utf-8 536.5151ms
2025-12-05 16:57:07.827 +07:00 [INF] Request starting HTTP/2 GET https://localhost:7166/_vs/browserLink - null null
2025-12-05 16:57:07.875 +07:00 [INF] Request starting HTTP/2 GET https://localhost:7166/_framework/aspnetcore-browser-refresh.js - null null
2025-12-05 16:57:07.894 +07:00 [INF] Request finished HTTP/2 GET https://localhost:7166/_framework/aspnetcore-browser-refresh.js - 200 13772 application/javascript; charset=utf-8 18.8857ms
2025-12-05 16:57:07.950 +07:00 [INF] Request finished HTTP/2 GET https://localhost:7166/_vs/browserLink - 200 null text/javascript; charset=UTF-8 123.2282ms
2025-12-05 16:57:08.042 +07:00 [INF] Request starting HTTP/2 GET https://localhost:7166/favicon.ico - null null
2025-12-05 16:57:08.063 +07:00 [ERR] An unhandled exception has occurred while executing the request.
System.InvalidOperationException: The constraint reference 'apiVersion' could not be resolved to a type. Register the constraint type with 'Microsoft.AspNetCore.Routing.RouteOptions.ConstraintMap'.
   at Microsoft.AspNetCore.Routing.DefaultParameterPolicyFactory.Create(RoutePatternParameterPart parameter, String inlineText)
   at Microsoft.AspNetCore.Routing.Matching.DfaMatcherBuilder.CachingParameterPolicyFactory.Create(RoutePatternParameterPart parameter, String inlineText)
   at Microsoft.AspNetCore.Routing.Matching.DfaMatcherBuilder.CreateCandidate(Endpoint endpoint, Int32 score)
   at Microsoft.AspNetCore.Routing.Matching.DfaMatcherBuilder.CreateCandidates(IReadOnlyList`1 endpoints)
   at Microsoft.AspNetCore.Routing.Matching.DfaMatcherBuilder.AddNode(DfaNode node, DfaState[] states, Int32 exitDestination)
   at Microsoft.AspNetCore.Routing.Matching.DfaMatcherBuilder.AddNode(DfaNode node, DfaState[] states, Int32 exitDestination)
   at Microsoft.AspNetCore.Routing.Matching.DfaMatcherBuilder.AddNode(DfaNode node, DfaState[] states, Int32 exitDestination)
   at Microsoft.AspNetCore.Routing.Matching.DfaMatcherBuilder.AddNode(DfaNode node, DfaState[] states, Int32 exitDestination)
   at Microsoft.AspNetCore.Routing.Matching.DfaMatcherBuilder.AddNode(DfaNode node, DfaState[] states, Int32 exitDestination)
   at Microsoft.AspNetCore.Routing.Matching.DfaMatcherBuilder.AddNode(DfaNode node, DfaState[] states, Int32 exitDestination)
   at Microsoft.AspNetCore.Routing.Matching.DfaMatcherBuilder.Build()
   at Microsoft.AspNetCore.Routing.Matching.DataSourceDependentMatcher.CreateMatcher(IReadOnlyList`1 endpoints)
   at Microsoft.AspNetCore.Routing.DataSourceDependentCache`1.Initialize()
   at System.Threading.LazyInitializer.EnsureInitializedCore[T](T& target, Boolean& initialized, Object& syncLock, Func`1 valueFactory)
   at Microsoft.AspNetCore.Routing.Matching.DataSourceDependentMatcher..ctor(EndpointDataSource dataSource, Lifetime lifetime, Func`1 matcherBuilderFactory)
   at Microsoft.AspNetCore.Routing.Matching.DfaMatcherFactory.CreateMatcher(EndpointDataSource dataSource)
   at Microsoft.AspNetCore.Routing.EndpointRoutingMiddleware.InitializeCoreAsync()
--- End of stack trace from previous location ---
   at Microsoft.AspNetCore.Routing.EndpointRoutingMiddleware.<Invoke>g__AwaitMatcher|10_0(EndpointRoutingMiddleware middleware, HttpContext httpContext, Task`1 matcherTask)
   at Microsoft.AspNetCore.Diagnostics.DeveloperExceptionPageMiddlewareImpl.Invoke(HttpContext context)
2025-12-05 16:57:08.098 +07:00 [INF] Request finished HTTP/2 GET https://localhost:7166/favicon.ico - 500 null text/plain; charset=utf-8 56.2513ms
2025-12-05 16:58:59.613 +07:00 [INF] Executed DbCommand (56ms) [Parameters=[], CommandType='"Text"', CommandTimeout='30']
SELECT 1
2025-12-05 16:58:59.789 +07:00 [INF] Executed DbCommand (55ms) [Parameters=[], CommandType='"Text"', CommandTimeout='30']
SELECT OBJECT_ID(N'[__EFMigrationsHistory]');
2025-12-05 16:58:59.800 +07:00 [INF] Executed DbCommand (3ms) [Parameters=[], CommandType='"Text"', CommandTimeout='30']
SELECT 1
2025-12-05 16:58:59.805 +07:00 [INF] Executed DbCommand (1ms) [Parameters=[], CommandType='"Text"', CommandTimeout='30']
SELECT OBJECT_ID(N'[__EFMigrationsHistory]');
2025-12-05 16:58:59.922 +07:00 [INF] Executed DbCommand (75ms) [Parameters=[], CommandType='"Text"', CommandTimeout='30']
SELECT [MigrationId], [ProductVersion]
FROM [__EFMigrationsHistory]
ORDER BY [MigrationId];
2025-12-05 16:58:59.962 +07:00 [INF] No migrations were applied. The database is already up to date.
2025-12-05 16:59:00.296 +07:00 [INF] Executed DbCommand (37ms) [Parameters=[], CommandType='"Text"', CommandTimeout='30']
SELECT CASE
    WHEN EXISTS (
        SELECT 1
        FROM [Posts] AS [p]) THEN CAST(1 AS bit)
    ELSE CAST(0 AS bit)
END
2025-12-05 16:59:00.551 +07:00 [INF] User profile is available. Using 'C:\Users\Do Ngoc Khanh\AppData\Local\ASP.NET\DataProtection-Keys' as key repository and Windows DPAPI to encrypt keys at rest.
2025-12-05 16:59:01.102 +07:00 [INF] Now listening on: https://localhost:7166
2025-12-05 16:59:01.103 +07:00 [INF] Now listening on: http://localhost:5079
2025-12-05 16:59:01.210 +07:00 [INF] Application started. Press Ctrl+C to shut down.
2025-12-05 16:59:01.214 +07:00 [INF] Hosting environment: Development
2025-12-05 16:59:01.215 +07:00 [INF] Content root path: C:\Users\Do Ngoc Khanh\tts\UnifiedLearningApi\UnifiedLearningApi
2025-12-05 16:59:02.259 +07:00 [INF] Request starting HTTP/2 GET https://localhost:7166/swagger/index.html - null null
2025-12-05 16:59:02.721 +07:00 [INF] Request finished HTTP/2 GET https://localhost:7166/swagger/index.html - 200 null text/html;charset=utf-8 471.497ms
2025-12-05 16:59:02.822 +07:00 [INF] Request starting HTTP/2 GET https://localhost:7166/_framework/aspnetcore-browser-refresh.js - null null
2025-12-05 16:59:02.823 +07:00 [INF] Request starting HTTP/2 GET https://localhost:7166/_vs/browserLink - null null
2025-12-05 16:59:02.865 +07:00 [INF] Request finished HTTP/2 GET https://localhost:7166/_framework/aspnetcore-browser-refresh.js - 200 13772 application/javascript; charset=utf-8 48.604ms
2025-12-05 16:59:02.959 +07:00 [INF] Request finished HTTP/2 GET https://localhost:7166/_vs/browserLink - 200 null text/javascript; charset=UTF-8 136.9437ms
2025-12-05 16:59:03.136 +07:00 [INF] Request starting HTTP/2 GET https://localhost:7166/swagger/v1/swagger.json - null null
2025-12-05 16:59:03.210 +07:00 [INF] Request finished HTTP/2 GET https://localhost:7166/swagger/v1/swagger.json - 200 null application/json;charset=utf-8 74.2173ms
2025-12-05 17:04:18.291 +07:00 [INF] Executed DbCommand (58ms) [Parameters=[], CommandType='"Text"', CommandTimeout='30']
SELECT 1
2025-12-05 17:04:19.378 +07:00 [INF] Executed DbCommand (978ms) [Parameters=[], CommandType='"Text"', CommandTimeout='30']
SELECT OBJECT_ID(N'[__EFMigrationsHistory]');
2025-12-05 17:04:19.694 +07:00 [INF] Executed DbCommand (309ms) [Parameters=[], CommandType='"Text"', CommandTimeout='30']
SELECT 1
2025-12-05 17:04:19.708 +07:00 [INF] Executed DbCommand (9ms) [Parameters=[], CommandType='"Text"', CommandTimeout='30']
SELECT OBJECT_ID(N'[__EFMigrationsHistory]');
2025-12-05 17:04:19.880 +07:00 [INF] Executed DbCommand (127ms) [Parameters=[], CommandType='"Text"', CommandTimeout='30']
SELECT [MigrationId], [ProductVersion]
FROM [__EFMigrationsHistory]
ORDER BY [MigrationId];
2025-12-05 17:04:19.906 +07:00 [INF] No migrations were applied. The database is already up to date.
2025-12-05 17:04:20.306 +07:00 [INF] Executed DbCommand (56ms) [Parameters=[], CommandType='"Text"', CommandTimeout='30']
SELECT CASE
    WHEN EXISTS (
        SELECT 1
        FROM [Posts] AS [p]) THEN CAST(1 AS bit)
    ELSE CAST(0 AS bit)
END
2025-12-05 17:04:20.532 +07:00 [INF] User profile is available. Using 'C:\Users\Do Ngoc Khanh\AppData\Local\ASP.NET\DataProtection-Keys' as key repository and Windows DPAPI to encrypt keys at rest.
2025-12-05 17:04:20.919 +07:00 [INF] Now listening on: https://localhost:7166
2025-12-05 17:04:20.921 +07:00 [INF] Now listening on: http://localhost:5079
2025-12-05 17:04:20.987 +07:00 [INF] Application started. Press Ctrl+C to shut down.
2025-12-05 17:04:20.989 +07:00 [INF] Hosting environment: Development
2025-12-05 17:04:20.990 +07:00 [INF] Content root path: C:\Users\Do Ngoc Khanh\tts\UnifiedLearningApi\UnifiedLearningApi
2025-12-05 17:04:22.775 +07:00 [INF] Request starting HTTP/2 GET https://localhost:7166/swagger/index.html - null null
2025-12-05 17:04:23.701 +07:00 [INF] Request finished HTTP/2 GET https://localhost:7166/swagger/index.html - 200 null text/html;charset=utf-8 937.2045ms
2025-12-05 17:04:23.835 +07:00 [INF] Request starting HTTP/2 GET https://localhost:7166/_vs/browserLink - null null
2025-12-05 17:04:23.835 +07:00 [INF] Request starting HTTP/2 GET https://localhost:7166/_framework/aspnetcore-browser-refresh.js - null null
2025-12-05 17:04:23.897 +07:00 [INF] Request finished HTTP/2 GET https://localhost:7166/_framework/aspnetcore-browser-refresh.js - 200 13772 application/javascript; charset=utf-8 61.6874ms
2025-12-05 17:04:24.066 +07:00 [INF] Request finished HTTP/2 GET https://localhost:7166/_vs/browserLink - 200 null text/javascript; charset=UTF-8 230.9458ms
2025-12-05 17:04:24.124 +07:00 [INF] Request starting HTTP/2 GET https://localhost:7166/swagger/v1/swagger.json - null null
2025-12-05 17:04:24.172 +07:00 [INF] Request finished HTTP/2 GET https://localhost:7166/swagger/v1/swagger.json - 200 null application/json;charset=utf-8 48.1047ms
2025-12-05 17:08:32.294 +07:00 [INF] Executed DbCommand (27ms) [Parameters=[], CommandType='"Text"', CommandTimeout='30']
SELECT 1
2025-12-05 17:08:32.424 +07:00 [INF] Executed DbCommand (38ms) [Parameters=[], CommandType='"Text"', CommandTimeout='30']
SELECT OBJECT_ID(N'[__EFMigrationsHistory]');
2025-12-05 17:08:32.430 +07:00 [INF] Executed DbCommand (1ms) [Parameters=[], CommandType='"Text"', CommandTimeout='30']
SELECT 1
2025-12-05 17:08:32.434 +07:00 [INF] Executed DbCommand (1ms) [Parameters=[], CommandType='"Text"', CommandTimeout='30']
SELECT OBJECT_ID(N'[__EFMigrationsHistory]');
2025-12-05 17:08:32.505 +07:00 [INF] Executed DbCommand (43ms) [Parameters=[], CommandType='"Text"', CommandTimeout='30']
SELECT [MigrationId], [ProductVersion]
FROM [__EFMigrationsHistory]
ORDER BY [MigrationId];
2025-12-05 17:08:32.531 +07:00 [INF] No migrations were applied. The database is already up to date.
2025-12-05 17:08:32.807 +07:00 [INF] Executed DbCommand (16ms) [Parameters=[], CommandType='"Text"', CommandTimeout='30']
SELECT CASE
    WHEN EXISTS (
        SELECT 1
        FROM [Posts] AS [p]) THEN CAST(1 AS bit)
    ELSE CAST(0 AS bit)
END
2025-12-05 17:08:32.983 +07:00 [INF] User profile is available. Using 'C:\Users\Do Ngoc Khanh\AppData\Local\ASP.NET\DataProtection-Keys' as key repository and Windows DPAPI to encrypt keys at rest.
2025-12-05 17:08:33.329 +07:00 [INF] Now listening on: https://localhost:7166
2025-12-05 17:08:33.334 +07:00 [INF] Now listening on: http://localhost:5079
2025-12-05 17:08:33.541 +07:00 [INF] Application started. Press Ctrl+C to shut down.
2025-12-05 17:08:33.544 +07:00 [INF] Hosting environment: Development
2025-12-05 17:08:33.545 +07:00 [INF] Content root path: C:\Users\Do Ngoc Khanh\tts\UnifiedLearningApi\UnifiedLearningApi
2025-12-05 17:08:34.814 +07:00 [INF] Request starting HTTP/2 GET https://localhost:7166/swagger/index.html - null null
2025-12-05 17:08:35.111 +07:00 [INF] Request finished HTTP/2 GET https://localhost:7166/swagger/index.html - 200 null text/html;charset=utf-8 301.5914ms
2025-12-05 17:08:35.158 +07:00 [INF] Request starting HTTP/2 GET https://localhost:7166/_vs/browserLink - null null
2025-12-05 17:08:35.158 +07:00 [INF] Request starting HTTP/2 GET https://localhost:7166/_framework/aspnetcore-browser-refresh.js - null null
2025-12-05 17:08:35.177 +07:00 [INF] Request finished HTTP/2 GET https://localhost:7166/_framework/aspnetcore-browser-refresh.js - 200 13772 application/javascript; charset=utf-8 18.5318ms
2025-12-05 17:08:35.209 +07:00 [INF] Request finished HTTP/2 GET https://localhost:7166/_vs/browserLink - 200 null text/javascript; charset=UTF-8 50.5941ms
2025-12-05 17:08:35.294 +07:00 [INF] Request starting HTTP/2 GET https://localhost:7166/swagger/v1/swagger.json - null null
2025-12-05 17:08:35.325 +07:00 [INF] Request finished HTTP/2 GET https://localhost:7166/swagger/v1/swagger.json - 200 null application/json;charset=utf-8 30.8074ms
2025-12-05 17:08:59.473 +07:00 [INF] Request starting HTTP/2 GET https://localhost:7166/swagger/index.html - null null
2025-12-05 17:08:59.483 +07:00 [INF] Request finished HTTP/2 GET https://localhost:7166/swagger/index.html - 200 null text/html;charset=utf-8 10.0854ms
2025-12-05 17:08:59.523 +07:00 [INF] Request starting HTTP/2 GET https://localhost:7166/_vs/browserLink - null null
2025-12-05 17:08:59.528 +07:00 [INF] Request starting HTTP/2 GET https://localhost:7166/_framework/aspnetcore-browser-refresh.js - null null
2025-12-05 17:08:59.530 +07:00 [INF] Request finished HTTP/2 GET https://localhost:7166/_framework/aspnetcore-browser-refresh.js - 200 13772 application/javascript; charset=utf-8 2.6203ms
2025-12-05 17:08:59.544 +07:00 [INF] Request finished HTTP/2 GET https://localhost:7166/_vs/browserLink - 200 null text/javascript; charset=UTF-8 20.7772ms
2025-12-05 17:08:59.573 +07:00 [INF] Request starting HTTP/2 GET https://localhost:7166/swagger/v1/swagger.json - null null
2025-12-05 17:08:59.594 +07:00 [INF] Request finished HTTP/2 GET https://localhost:7166/swagger/v1/swagger.json - 200 null application/json;charset=utf-8 20.8897ms
2025-12-05 17:09:07.748 +07:00 [INF] Request starting HTTP/2 GET https://localhost:7166/swagger/index.html - null null
2025-12-05 17:09:07.754 +07:00 [INF] Request finished HTTP/2 GET https://localhost:7166/swagger/index.html - 200 null text/html;charset=utf-8 6.1647ms
2025-12-05 17:09:07.787 +07:00 [INF] Request starting HTTP/2 GET https://localhost:7166/_vs/browserLink - null null
2025-12-05 17:09:07.793 +07:00 [INF] Request starting HTTP/2 GET https://localhost:7166/_framework/aspnetcore-browser-refresh.js - null null
2025-12-05 17:09:07.797 +07:00 [INF] Request finished HTTP/2 GET https://localhost:7166/_framework/aspnetcore-browser-refresh.js - 200 13772 application/javascript; charset=utf-8 3.9146ms
2025-12-05 17:09:07.802 +07:00 [INF] Request finished HTTP/2 GET https://localhost:7166/_vs/browserLink - 200 null text/javascript; charset=UTF-8 15.3204ms
2025-12-05 17:09:07.825 +07:00 [INF] Request starting HTTP/2 GET https://localhost:7166/swagger/v1/swagger.json - null null
2025-12-05 17:09:07.839 +07:00 [INF] Request finished HTTP/2 GET https://localhost:7166/swagger/v1/swagger.json - 200 null application/json;charset=utf-8 13.0289ms
2025-12-05 17:09:08.454 +07:00 [INF] Request starting HTTP/2 GET https://localhost:7166/swagger/index.html - null null
2025-12-05 17:09:08.459 +07:00 [INF] Request finished HTTP/2 GET https://localhost:7166/swagger/index.html - 200 null text/html;charset=utf-8 5.705ms
2025-12-05 17:09:08.486 +07:00 [INF] Request starting HTTP/2 GET https://localhost:7166/_vs/browserLink - null null
2025-12-05 17:09:08.491 +07:00 [INF] Request starting HTTP/2 GET https://localhost:7166/_framework/aspnetcore-browser-refresh.js - null null
2025-12-05 17:09:08.495 +07:00 [INF] Request finished HTTP/2 GET https://localhost:7166/_framework/aspnetcore-browser-refresh.js - 200 13772 application/javascript; charset=utf-8 4.3431ms
2025-12-05 17:09:08.497 +07:00 [INF] Request finished HTTP/2 GET https://localhost:7166/_vs/browserLink - 200 null text/javascript; charset=UTF-8 11.3454ms
2025-12-05 17:09:08.515 +07:00 [INF] Request starting HTTP/2 GET https://localhost:7166/swagger/v1/swagger.json - null null
2025-12-05 17:09:08.523 +07:00 [INF] Request finished HTTP/2 GET https://localhost:7166/swagger/v1/swagger.json - 200 null application/json;charset=utf-8 7.6449ms
2025-12-05 17:09:09.058 +07:00 [INF] Request starting HTTP/2 GET https://localhost:7166/swagger/index.html - null null
2025-12-05 17:09:09.067 +07:00 [INF] Request finished HTTP/2 GET https://localhost:7166/swagger/index.html - 200 null text/html;charset=utf-8 9.1104ms
2025-12-05 17:09:09.091 +07:00 [INF] Request starting HTTP/2 GET https://localhost:7166/_vs/browserLink - null null
2025-12-05 17:09:09.091 +07:00 [INF] Request starting HTTP/2 GET https://localhost:7166/_framework/aspnetcore-browser-refresh.js - null null
2025-12-05 17:09:09.099 +07:00 [INF] Request finished HTTP/2 GET https://localhost:7166/_framework/aspnetcore-browser-refresh.js - 200 13772 application/javascript; charset=utf-8 6.9784ms
2025-12-05 17:09:09.100 +07:00 [INF] Request finished HTTP/2 GET https://localhost:7166/_vs/browserLink - 200 null text/javascript; charset=UTF-8 8.9259ms
2025-12-05 17:09:09.118 +07:00 [INF] Request starting HTTP/2 GET https://localhost:7166/swagger/v1/swagger.json - null null
2025-12-05 17:09:09.128 +07:00 [INF] Request finished HTTP/2 GET https://localhost:7166/swagger/v1/swagger.json - 200 null application/json;charset=utf-8 10.7012ms
2025-12-05 17:09:09.758 +07:00 [INF] Request starting HTTP/2 GET https://localhost:7166/swagger/index.html - null null
2025-12-05 17:09:09.767 +07:00 [INF] Request finished HTTP/2 GET https://localhost:7166/swagger/index.html - 200 null text/html;charset=utf-8 8.7906ms
2025-12-05 17:09:09.786 +07:00 [INF] Request starting HTTP/2 GET https://localhost:7166/_vs/browserLink - null null
2025-12-05 17:09:09.790 +07:00 [INF] Request starting HTTP/2 GET https://localhost:7166/_framework/aspnetcore-browser-refresh.js - null null
2025-12-05 17:09:09.793 +07:00 [INF] Request finished HTTP/2 GET https://localhost:7166/_vs/browserLink - 200 null text/javascript; charset=UTF-8 6.4521ms
2025-12-05 17:09:09.796 +07:00 [INF] Request finished HTTP/2 GET https://localhost:7166/_framework/aspnetcore-browser-refresh.js - 200 13772 application/javascript; charset=utf-8 5.9866ms
2025-12-05 17:09:09.823 +07:00 [INF] Request starting HTTP/2 GET https://localhost:7166/swagger/v1/swagger.json - null null
2025-12-05 17:09:09.834 +07:00 [INF] Request finished HTTP/2 GET https://localhost:7166/swagger/v1/swagger.json - 200 null application/json;charset=utf-8 10.3128ms
2025-12-05 17:09:10.127 +07:00 [INF] Request starting HTTP/2 GET https://localhost:7166/swagger/index.html - null null
2025-12-05 17:09:10.136 +07:00 [INF] Request finished HTTP/2 GET https://localhost:7166/swagger/index.html - 200 null text/html;charset=utf-8 9.0534ms
2025-12-05 17:09:10.168 +07:00 [INF] Request starting HTTP/2 GET https://localhost:7166/_vs/browserLink - null null
2025-12-05 17:09:10.174 +07:00 [INF] Request starting HTTP/2 GET https://localhost:7166/_framework/aspnetcore-browser-refresh.js - null null
2025-12-05 17:09:10.179 +07:00 [INF] Request finished HTTP/2 GET https://localhost:7166/_framework/aspnetcore-browser-refresh.js - 200 13772 application/javascript; charset=utf-8 4.9711ms
2025-12-05 17:09:10.180 +07:00 [INF] Request finished HTTP/2 GET https://localhost:7166/_vs/browserLink - 200 null text/javascript; charset=UTF-8 11.4869ms
2025-12-05 17:09:10.200 +07:00 [INF] Request starting HTTP/2 GET https://localhost:7166/swagger/v1/swagger.json - null null
2025-12-05 17:09:10.208 +07:00 [INF] Request finished HTTP/2 GET https://localhost:7166/swagger/v1/swagger.json - 200 null application/json;charset=utf-8 8.4218ms
2025-12-05 17:12:30.464 +07:00 [INF] Executed DbCommand (66ms) [Parameters=[], CommandType='"Text"', CommandTimeout='30']
SELECT 1
2025-12-05 17:12:30.636 +07:00 [INF] Executed DbCommand (57ms) [Parameters=[], CommandType='"Text"', CommandTimeout='30']
SELECT OBJECT_ID(N'[__EFMigrationsHistory]');
2025-12-05 17:12:30.643 +07:00 [INF] Executed DbCommand (2ms) [Parameters=[], CommandType='"Text"', CommandTimeout='30']
SELECT 1
2025-12-05 17:12:30.645 +07:00 [INF] Executed DbCommand (0ms) [Parameters=[], CommandType='"Text"', CommandTimeout='30']
SELECT OBJECT_ID(N'[__EFMigrationsHistory]');
2025-12-05 17:12:30.758 +07:00 [INF] Executed DbCommand (86ms) [Parameters=[], CommandType='"Text"', CommandTimeout='30']
SELECT [MigrationId], [ProductVersion]
FROM [__EFMigrationsHistory]
ORDER BY [MigrationId];
2025-12-05 17:12:30.785 +07:00 [INF] No migrations were applied. The database is already up to date.
2025-12-05 17:12:31.133 +07:00 [INF] Executed DbCommand (35ms) [Parameters=[], CommandType='"Text"', CommandTimeout='30']
SELECT CASE
    WHEN EXISTS (
        SELECT 1
        FROM [Posts] AS [p]) THEN CAST(1 AS bit)
    ELSE CAST(0 AS bit)
END
2025-12-05 17:12:31.419 +07:00 [INF] User profile is available. Using 'C:\Users\Do Ngoc Khanh\AppData\Local\ASP.NET\DataProtection-Keys' as key repository and Windows DPAPI to encrypt keys at rest.
2025-12-05 17:12:31.920 +07:00 [INF] Now listening on: https://localhost:7166
2025-12-05 17:12:31.921 +07:00 [INF] Now listening on: http://localhost:5079
2025-12-05 17:12:32.185 +07:00 [INF] Application started. Press Ctrl+C to shut down.
2025-12-05 17:12:32.189 +07:00 [INF] Hosting environment: Development
2025-12-05 17:12:32.192 +07:00 [INF] Content root path: C:\Users\Do Ngoc Khanh\tts\UnifiedLearningApi\UnifiedLearningApi
2025-12-05 17:12:32.899 +07:00 [INF] Request starting HTTP/2 GET https://localhost:7166/swagger/index.html - null null
2025-12-05 17:12:33.292 +07:00 [INF] Request finished HTTP/2 GET https://localhost:7166/swagger/index.html - 200 null text/html;charset=utf-8 408.2898ms
2025-12-05 17:12:33.333 +07:00 [INF] Request starting HTTP/2 GET https://localhost:7166/_framework/aspnetcore-browser-refresh.js - null null
2025-12-05 17:12:33.335 +07:00 [INF] Request starting HTTP/2 GET https://localhost:7166/_vs/browserLink - null null
2025-12-05 17:12:33.370 +07:00 [INF] Request finished HTTP/2 GET https://localhost:7166/_framework/aspnetcore-browser-refresh.js - 200 13772 application/javascript; charset=utf-8 36.4218ms
2025-12-05 17:12:33.434 +07:00 [INF] Request finished HTTP/2 GET https://localhost:7166/_vs/browserLink - 200 null text/javascript; charset=UTF-8 99.3969ms
2025-12-05 17:12:33.496 +07:00 [INF] Request starting HTTP/2 GET https://localhost:7166/swagger/v1/swagger.json - null null
2025-12-05 17:12:33.546 +07:00 [INF] Request finished HTTP/2 GET https://localhost:7166/swagger/v1/swagger.json - 200 null application/json;charset=utf-8 50.7083ms
2025-12-05 17:13:56.196 +07:00 [INF] Executed DbCommand (80ms) [Parameters=[], CommandType='"Text"', CommandTimeout='30']
SELECT 1
2025-12-05 17:13:56.367 +07:00 [INF] Executed DbCommand (52ms) [Parameters=[], CommandType='"Text"', CommandTimeout='30']
SELECT OBJECT_ID(N'[__EFMigrationsHistory]');
2025-12-05 17:13:56.376 +07:00 [INF] Executed DbCommand (2ms) [Parameters=[], CommandType='"Text"', CommandTimeout='30']
SELECT 1
2025-12-05 17:13:56.379 +07:00 [INF] Executed DbCommand (1ms) [Parameters=[], CommandType='"Text"', CommandTimeout='30']
SELECT OBJECT_ID(N'[__EFMigrationsHistory]');
2025-12-05 17:13:56.462 +07:00 [INF] Executed DbCommand (53ms) [Parameters=[], CommandType='"Text"', CommandTimeout='30']
SELECT [MigrationId], [ProductVersion]
FROM [__EFMigrationsHistory]
ORDER BY [MigrationId];
2025-12-05 17:13:56.497 +07:00 [INF] No migrations were applied. The database is already up to date.
2025-12-05 17:13:56.911 +07:00 [INF] Executed DbCommand (36ms) [Parameters=[], CommandType='"Text"', CommandTimeout='30']
SELECT CASE
    WHEN EXISTS (
        SELECT 1
        FROM [Posts] AS [p]) THEN CAST(1 AS bit)
    ELSE CAST(0 AS bit)
END
2025-12-05 17:13:57.176 +07:00 [INF] User profile is available. Using 'C:\Users\Do Ngoc Khanh\AppData\Local\ASP.NET\DataProtection-Keys' as key repository and Windows DPAPI to encrypt keys at rest.
2025-12-05 17:13:57.628 +07:00 [INF] Now listening on: https://localhost:7166
2025-12-05 17:13:57.630 +07:00 [INF] Now listening on: http://localhost:5079
2025-12-05 17:13:57.736 +07:00 [INF] Application started. Press Ctrl+C to shut down.
2025-12-05 17:13:57.742 +07:00 [INF] Hosting environment: Development
2025-12-05 17:13:57.744 +07:00 [INF] Content root path: C:\Users\Do Ngoc Khanh\tts\UnifiedLearningApi\UnifiedLearningApi
2025-12-05 17:13:58.905 +07:00 [INF] Request starting HTTP/2 GET https://localhost:7166/swagger/index.html - null null
2025-12-05 17:13:59.297 +07:00 [INF] Request finished HTTP/2 GET https://localhost:7166/swagger/index.html - 200 null text/html;charset=utf-8 407.9963ms
2025-12-05 17:13:59.666 +07:00 [INF] Request starting HTTP/2 GET https://localhost:7166/_vs/browserLink - null null
2025-12-05 17:13:59.666 +07:00 [INF] Request starting HTTP/2 GET https://localhost:7166/_framework/aspnetcore-browser-refresh.js - null null
2025-12-05 17:13:59.711 +07:00 [INF] Request finished HTTP/2 GET https://localhost:7166/_framework/aspnetcore-browser-refresh.js - 200 13772 application/javascript; charset=utf-8 44.9235ms
2025-12-05 17:13:59.754 +07:00 [INF] Request finished HTTP/2 GET https://localhost:7166/_vs/browserLink - 200 null text/javascript; charset=UTF-8 89.7826ms
2025-12-05 17:13:59.807 +07:00 [INF] Request starting HTTP/2 GET https://localhost:7166/swagger/v1/swagger.json - null null
2025-12-05 17:13:59.857 +07:00 [INF] Request finished HTTP/2 GET https://localhost:7166/swagger/v1/swagger.json - 200 null application/json;charset=utf-8 51.3091ms
