2025-12-11 13:55:15.838 +07:00 [INF] Executed DbCommand (15ms) [Parameters=[], CommandType='"Text"', CommandTimeout='30']
SELECT 1
2025-12-11 13:55:15.897 +07:00 [INF] Executed DbCommand (19ms) [Parameters=[], CommandType='"Text"', CommandTimeout='30']
SELECT OBJECT_ID(N'[__EFMigrationsHistory]');
2025-12-11 13:55:15.900 +07:00 [INF] Executed DbCommand (1ms) [Parameters=[], CommandType='"Text"', CommandTimeout='30']
SELECT 1
2025-12-11 13:55:15.902 +07:00 [INF] Executed DbCommand (1ms) [Parameters=[], CommandType='"Text"', CommandTimeout='30']
SELECT OBJECT_ID(N'[__EFMigrationsHistory]');
2025-12-11 13:55:15.966 +07:00 [INF] Executed DbCommand (49ms) [Parameters=[], CommandType='"Text"', CommandTimeout='30']
SELECT [MigrationId], [ProductVersion]
FROM [__EFMigrationsHistory]
ORDER BY [MigrationId];
2025-12-11 13:55:15.978 +07:00 [INF] No migrations were applied. The database is already up to date.
2025-12-11 13:55:16.071 +07:00 [INF] User profile is available. Using 'C:\Users\Do Ngoc Khanh\AppData\Local\ASP.NET\DataProtection-Keys' as key repository and Windows DPAPI to encrypt keys at rest.
2025-12-11 13:55:16.124 +07:00 [WRN] Overriding address(es) 'http://localhost:5079'. Binding to endpoints defined via IConfiguration and/or UseKestrel() instead.
2025-12-11 13:55:16.167 +07:00 [INF] Now listening on: http://localhost:5079
2025-12-11 13:55:16.169 +07:00 [INF] Now listening on: https://localhost:7166
2025-12-11 13:55:16.169 +07:00 [INF] Application started. Press Ctrl+C to shut down.
2025-12-11 13:55:16.170 +07:00 [INF] Hosting environment: Development
2025-12-11 13:55:16.170 +07:00 [INF] Content root path: C:\Users\Do Ngoc Khanh\tts\UnifiedLearningApi\UnifiedLearningApi
2025-12-11 13:55:29.480 +07:00 [INF] Request starting HTTP/2 GET https://localhost:7166/swagger/index.html - null null
2025-12-11 13:55:29.675 +07:00 [INF] Request finished HTTP/2 GET https://localhost:7166/swagger/index.html - 200 null text/html;charset=utf-8 194.1402ms
2025-12-11 13:55:29.915 +07:00 [INF] Request starting HTTP/2 GET https://localhost:7166/swagger/v1/swagger.json - null null
2025-12-11 13:55:30.069 +07:00 [INF] Request finished HTTP/2 GET https://localhost:7166/swagger/v1/swagger.json - 200 null application/json;charset=utf-8 153.5663ms
2025-12-11 14:47:04.858 +07:00 [INF] Application is shutting down...
2025-12-11 14:51:40.668 +07:00 [INF] Executed DbCommand (16ms) [Parameters=[], CommandType='"Text"', CommandTimeout='30']
SELECT 1
2025-12-11 14:51:40.748 +07:00 [INF] Executed DbCommand (34ms) [Parameters=[], CommandType='"Text"', CommandTimeout='30']
SELECT OBJECT_ID(N'[__EFMigrationsHistory]');
2025-12-11 14:51:40.752 +07:00 [INF] Executed DbCommand (1ms) [Parameters=[], CommandType='"Text"', CommandTimeout='30']
SELECT 1
2025-12-11 14:51:40.754 +07:00 [INF] Executed DbCommand (1ms) [Parameters=[], CommandType='"Text"', CommandTimeout='30']
SELECT OBJECT_ID(N'[__EFMigrationsHistory]');
2025-12-11 14:51:40.842 +07:00 [INF] Executed DbCommand (73ms) [Parameters=[], CommandType='"Text"', CommandTimeout='30']
SELECT [MigrationId], [ProductVersion]
FROM [__EFMigrationsHistory]
ORDER BY [MigrationId];
2025-12-11 14:51:40.854 +07:00 [INF] No migrations were applied. The database is already up to date.
2025-12-11 14:51:40.947 +07:00 [INF] User profile is available. Using 'C:\Users\Do Ngoc Khanh\AppData\Local\ASP.NET\DataProtection-Keys' as key repository and Windows DPAPI to encrypt keys at rest.
2025-12-11 14:51:40.994 +07:00 [WRN] Overriding address(es) 'http://localhost:5079'. Binding to endpoints defined via IConfiguration and/or UseKestrel() instead.
2025-12-11 14:51:41.036 +07:00 [INF] Now listening on: http://localhost:5079
2025-12-11 14:51:41.037 +07:00 [INF] Now listening on: https://localhost:7166
2025-12-11 14:51:41.038 +07:00 [INF] Application started. Press Ctrl+C to shut down.
2025-12-11 14:51:41.038 +07:00 [INF] Hosting environment: Development
2025-12-11 14:51:41.038 +07:00 [INF] Content root path: C:\Users\Do Ngoc Khanh\tts\UnifiedLearningApi\UnifiedLearningApi
2025-12-11 14:51:43.109 +07:00 [INF] Request starting HTTP/2 GET https://localhost:7166/swagger/index.html - null null
2025-12-11 14:51:43.240 +07:00 [INF] Request finished HTTP/2 GET https://localhost:7166/swagger/index.html - 200 null text/html;charset=utf-8 132.529ms
2025-12-11 14:51:43.557 +07:00 [INF] Request starting HTTP/2 GET https://localhost:7166/swagger/v1/swagger.json - null null
2025-12-11 14:51:43.700 +07:00 [INF] Request finished HTTP/2 GET https://localhost:7166/swagger/v1/swagger.json - 200 null application/json;charset=utf-8 141.0564ms
2025-12-11 14:53:00.941 +07:00 [INF] Application is shutting down...
