2025-12-09 13:48:48.296 +07:00 [INF] Executed DbCommand (37ms) [Parameters=[], CommandType='"Text"', CommandTimeout='30']
SELECT 1
2025-12-09 13:48:48.523 +07:00 [INF] Executed DbCommand (87ms) [Parameters=[], CommandType='"Text"', CommandTimeout='30']
SELECT OBJECT_ID(N'[__EFMigrationsHistory]');
2025-12-09 13:48:48.529 +07:00 [INF] Executed DbCommand (1ms) [Parameters=[], CommandType='"Text"', CommandTimeout='30']
SELECT 1
2025-12-09 13:48:48.532 +07:00 [INF] Executed DbCommand (1ms) [Parameters=[], CommandType='"Text"', CommandTimeout='30']
SELECT OBJECT_ID(N'[__EFMigrationsHistory]');
2025-12-09 13:48:48.655 +07:00 [INF] Executed DbCommand (99ms) [Parameters=[], CommandType='"Text"', CommandTimeout='30']
SELECT [MigrationId], [ProductVersion]
FROM [__EFMigrationsHistory]
ORDER BY [MigrationId];
2025-12-09 13:48:48.670 +07:00 [INF] No migrations were applied. The database is already up to date.
2025-12-09 13:48:48.889 +07:00 [INF] Executed DbCommand (44ms) [Parameters=[], CommandType='"Text"', CommandTimeout='30']
SELECT CASE
    WHEN EXISTS (
        SELECT 1
        FROM [Posts] AS [p]) THEN CAST(1 AS bit)
    ELSE CAST(0 AS bit)
END
2025-12-09 13:48:49.101 +07:00 [INF] User profile is available. Using 'C:\Users\Do Ngoc Khanh\AppData\Local\ASP.NET\DataProtection-Keys' as key repository and Windows DPAPI to encrypt keys at rest.
2025-12-09 13:48:49.421 +07:00 [INF] Now listening on: https://localhost:7166
2025-12-09 13:48:49.422 +07:00 [INF] Now listening on: http://localhost:5079
2025-12-09 13:48:49.471 +07:00 [INF] Application started. Press Ctrl+C to shut down.
2025-12-09 13:48:49.473 +07:00 [INF] Hosting environment: Development
2025-12-09 13:48:49.474 +07:00 [INF] Content root path: C:\Users\Do Ngoc Khanh\tts\UnifiedLearningApi\UnifiedLearningApi
2025-12-09 13:48:51.137 +07:00 [INF] Request starting HTTP/2 GET https://localhost:7166/swagger/index.html - null null
2025-12-09 13:48:51.630 +07:00 [INF] Request finished HTTP/2 GET https://localhost:7166/swagger/index.html - 200 null text/html;charset=utf-8 508.1775ms
2025-12-09 13:48:51.668 +07:00 [INF] Request starting HTTP/2 GET https://localhost:7166/_framework/aspnetcore-browser-refresh.js - null null
2025-12-09 13:48:51.668 +07:00 [INF] Request starting HTTP/2 GET https://localhost:7166/_vs/browserLink - null null
2025-12-09 13:48:51.694 +07:00 [INF] Request finished HTTP/2 GET https://localhost:7166/_framework/aspnetcore-browser-refresh.js - 200 13772 application/javascript; charset=utf-8 26.4463ms
2025-12-09 13:48:51.805 +07:00 [INF] Request finished HTTP/2 GET https://localhost:7166/_vs/browserLink - 200 null text/javascript; charset=UTF-8 138.2618ms
2025-12-09 13:48:51.880 +07:00 [INF] Request starting HTTP/2 GET https://localhost:7166/swagger/v1/swagger.json - null null
2025-12-09 13:48:51.938 +07:00 [INF] Request finished HTTP/2 GET https://localhost:7166/swagger/v1/swagger.json - 200 null application/json;charset=utf-8 58.4726ms
2025-12-09 13:49:53.402 +07:00 [INF] Executed DbCommand (44ms) [Parameters=[], CommandType='"Text"', CommandTimeout='30']
SELECT 1
2025-12-09 13:49:53.523 +07:00 [INF] Executed DbCommand (61ms) [Parameters=[], CommandType='"Text"', CommandTimeout='30']
SELECT OBJECT_ID(N'[__EFMigrationsHistory]');
2025-12-09 13:49:53.531 +07:00 [INF] Executed DbCommand (2ms) [Parameters=[], CommandType='"Text"', CommandTimeout='30']
SELECT 1
2025-12-09 13:49:53.535 +07:00 [INF] Executed DbCommand (1ms) [Parameters=[], CommandType='"Text"', CommandTimeout='30']
SELECT OBJECT_ID(N'[__EFMigrationsHistory]');
2025-12-09 13:49:53.663 +07:00 [INF] Executed DbCommand (106ms) [Parameters=[], CommandType='"Text"', CommandTimeout='30']
SELECT [MigrationId], [ProductVersion]
FROM [__EFMigrationsHistory]
ORDER BY [MigrationId];
2025-12-09 13:49:53.677 +07:00 [INF] No migrations were applied. The database is already up to date.
2025-12-09 13:49:53.851 +07:00 [INF] Executed DbCommand (42ms) [Parameters=[], CommandType='"Text"', CommandTimeout='30']
SELECT CASE
    WHEN EXISTS (
        SELECT 1
        FROM [Posts] AS [p]) THEN CAST(1 AS bit)
    ELSE CAST(0 AS bit)
END
2025-12-09 13:49:54.008 +07:00 [INF] User profile is available. Using 'C:\Users\Do Ngoc Khanh\AppData\Local\ASP.NET\DataProtection-Keys' as key repository and Windows DPAPI to encrypt keys at rest.
2025-12-09 13:49:54.266 +07:00 [INF] Now listening on: https://localhost:7166
2025-12-09 13:49:54.267 +07:00 [INF] Now listening on: http://localhost:5079
2025-12-09 13:49:54.306 +07:00 [INF] Application started. Press Ctrl+C to shut down.
2025-12-09 13:49:54.308 +07:00 [INF] Hosting environment: Development
2025-12-09 13:49:54.310 +07:00 [INF] Content root path: C:\Users\Do Ngoc Khanh\tts\UnifiedLearningApi\UnifiedLearningApi
2025-12-09 13:49:55.539 +07:00 [INF] Request starting HTTP/2 GET https://localhost:7166/swagger/index.html - null null
2025-12-09 13:49:56.027 +07:00 [INF] Request finished HTTP/2 GET https://localhost:7166/swagger/index.html - 200 null text/html;charset=utf-8 502.3675ms
2025-12-09 13:49:56.090 +07:00 [INF] Request starting HTTP/2 GET https://localhost:7166/_vs/browserLink - null null
2025-12-09 13:49:56.090 +07:00 [INF] Request starting HTTP/2 GET https://localhost:7166/_framework/aspnetcore-browser-refresh.js - null null
2025-12-09 13:49:56.141 +07:00 [INF] Request finished HTTP/2 GET https://localhost:7166/_framework/aspnetcore-browser-refresh.js - 200 13772 application/javascript; charset=utf-8 51.4649ms
2025-12-09 13:49:56.201 +07:00 [INF] Request finished HTTP/2 GET https://localhost:7166/_vs/browserLink - 200 null text/javascript; charset=UTF-8 111.5504ms
2025-12-09 13:49:56.269 +07:00 [INF] Request starting HTTP/2 GET https://localhost:7166/swagger/v1/swagger.json - null null
2025-12-09 13:49:56.318 +07:00 [INF] Request finished HTTP/2 GET https://localhost:7166/swagger/v1/swagger.json - 200 null application/json;charset=utf-8 49.8067ms
2025-12-09 13:52:16.533 +07:00 [INF] Executed DbCommand (38ms) [Parameters=[], CommandType='"Text"', CommandTimeout='30']
SELECT 1
2025-12-09 13:52:16.741 +07:00 [INF] Executed DbCommand (50ms) [Parameters=[], CommandType='"Text"', CommandTimeout='30']
SELECT OBJECT_ID(N'[__EFMigrationsHistory]');
2025-12-09 13:52:16.751 +07:00 [INF] Executed DbCommand (2ms) [Parameters=[], CommandType='"Text"', CommandTimeout='30']
SELECT 1
2025-12-09 13:52:16.757 +07:00 [INF] Executed DbCommand (1ms) [Parameters=[], CommandType='"Text"', CommandTimeout='30']
SELECT OBJECT_ID(N'[__EFMigrationsHistory]');
2025-12-09 13:52:16.852 +07:00 [INF] Executed DbCommand (48ms) [Parameters=[], CommandType='"Text"', CommandTimeout='30']
SELECT [MigrationId], [ProductVersion]
FROM [__EFMigrationsHistory]
ORDER BY [MigrationId];
2025-12-09 13:52:16.888 +07:00 [INF] No migrations were applied. The database is already up to date.
2025-12-09 13:52:17.366 +07:00 [INF] Executed DbCommand (24ms) [Parameters=[], CommandType='"Text"', CommandTimeout='30']
SELECT CASE
    WHEN EXISTS (
        SELECT 1
        FROM [Posts] AS [p]) THEN CAST(1 AS bit)
    ELSE CAST(0 AS bit)
END
2025-12-09 13:52:17.699 +07:00 [INF] User profile is available. Using 'C:\Users\Do Ngoc Khanh\AppData\Local\ASP.NET\DataProtection-Keys' as key repository and Windows DPAPI to encrypt keys at rest.
2025-12-09 13:52:18.462 +07:00 [INF] Now listening on: https://localhost:7166
2025-12-09 13:52:18.465 +07:00 [INF] Now listening on: http://localhost:5079
2025-12-09 13:52:18.755 +07:00 [INF] Application started. Press Ctrl+C to shut down.
2025-12-09 13:52:18.759 +07:00 [INF] Hosting environment: Development
2025-12-09 13:52:18.760 +07:00 [INF] Content root path: C:\Users\Do Ngoc Khanh\tts\UnifiedLearningApi\UnifiedLearningApi
2025-12-09 13:52:19.328 +07:00 [INF] Request starting HTTP/2 GET https://localhost:7166/swagger/index.html - null null
2025-12-09 13:52:19.726 +07:00 [INF] Request finished HTTP/2 GET https://localhost:7166/swagger/index.html - 200 null text/html;charset=utf-8 408.8054ms
2025-12-09 13:52:19.925 +07:00 [INF] Request starting HTTP/2 GET https://localhost:7166/_framework/aspnetcore-browser-refresh.js - null null
2025-12-09 13:52:19.925 +07:00 [INF] Request starting HTTP/2 GET https://localhost:7166/_vs/browserLink - null null
2025-12-09 13:52:19.944 +07:00 [INF] Request finished HTTP/2 GET https://localhost:7166/_framework/aspnetcore-browser-refresh.js - 200 13772 application/javascript; charset=utf-8 19.9517ms
2025-12-09 13:52:20.022 +07:00 [INF] Request finished HTTP/2 GET https://localhost:7166/_vs/browserLink - 200 null text/javascript; charset=UTF-8 97.4003ms
2025-12-09 13:52:20.079 +07:00 [INF] Request starting HTTP/2 GET https://localhost:7166/swagger/v1/swagger.json - null null
2025-12-09 13:52:20.117 +07:00 [INF] Request finished HTTP/2 GET https://localhost:7166/swagger/v1/swagger.json - 200 null application/json;charset=utf-8 37.9683ms
2025-12-09 13:59:10.594 +07:00 [INF] Executed DbCommand (66ms) [Parameters=[], CommandType='"Text"', CommandTimeout='30']
SELECT 1
2025-12-09 13:59:10.851 +07:00 [INF] Executed DbCommand (83ms) [Parameters=[], CommandType='"Text"', CommandTimeout='30']
SELECT OBJECT_ID(N'[__EFMigrationsHistory]');
2025-12-09 13:59:10.862 +07:00 [INF] Executed DbCommand (2ms) [Parameters=[], CommandType='"Text"', CommandTimeout='30']
SELECT 1
2025-12-09 13:59:10.869 +07:00 [INF] Executed DbCommand (1ms) [Parameters=[], CommandType='"Text"', CommandTimeout='30']
SELECT OBJECT_ID(N'[__EFMigrationsHistory]');
2025-12-09 13:59:11.019 +07:00 [INF] Executed DbCommand (112ms) [Parameters=[], CommandType='"Text"', CommandTimeout='30']
SELECT [MigrationId], [ProductVersion]
FROM [__EFMigrationsHistory]
ORDER BY [MigrationId];
2025-12-09 13:59:11.056 +07:00 [INF] No migrations were applied. The database is already up to date.
2025-12-09 13:59:11.333 +07:00 [INF] User profile is available. Using 'C:\Users\Do Ngoc Khanh\AppData\Local\ASP.NET\DataProtection-Keys' as key repository and Windows DPAPI to encrypt keys at rest.
2025-12-09 13:59:12.061 +07:00 [INF] Now listening on: https://localhost:7166
2025-12-09 13:59:12.065 +07:00 [INF] Now listening on: http://localhost:5079
2025-12-09 13:59:12.293 +07:00 [INF] Application started. Press Ctrl+C to shut down.
2025-12-09 13:59:12.298 +07:00 [INF] Hosting environment: Development
2025-12-09 13:59:12.301 +07:00 [INF] Content root path: C:\Users\Do Ngoc Khanh\tts\UnifiedLearningApi\UnifiedLearningApi
2025-12-09 13:59:13.279 +07:00 [INF] Request starting HTTP/2 GET https://localhost:7166/swagger/index.html - null null
2025-12-09 13:59:13.748 +07:00 [INF] Request finished HTTP/2 GET https://localhost:7166/swagger/index.html - 200 null text/html;charset=utf-8 482.0526ms
2025-12-09 13:59:13.872 +07:00 [INF] Request starting HTTP/2 GET https://localhost:7166/_framework/aspnetcore-browser-refresh.js - null null
2025-12-09 13:59:13.872 +07:00 [INF] Request starting HTTP/2 GET https://localhost:7166/_vs/browserLink - null null
2025-12-09 13:59:13.912 +07:00 [INF] Request finished HTTP/2 GET https://localhost:7166/_framework/aspnetcore-browser-refresh.js - 200 13772 application/javascript; charset=utf-8 40.3754ms
2025-12-09 13:59:13.996 +07:00 [INF] Request finished HTTP/2 GET https://localhost:7166/_vs/browserLink - 200 null text/javascript; charset=UTF-8 125.45ms
2025-12-09 13:59:14.103 +07:00 [INF] Request starting HTTP/2 GET https://localhost:7166/swagger/v1/swagger.json - null null
2025-12-09 13:59:14.143 +07:00 [INF] Request finished HTTP/2 GET https://localhost:7166/swagger/v1/swagger.json - 200 null application/json;charset=utf-8 40.8288ms
2025-12-09 13:59:26.799 +07:00 [INF] Request starting HTTP/2 GET https://localhost:7166/swagger/v1/swagger.json - null null
2025-12-09 13:59:26.823 +07:00 [INF] Request finished HTTP/2 GET https://localhost:7166/swagger/v1/swagger.json - 200 null application/json;charset=utf-8 24.6229ms
2025-12-09 13:59:26.919 +07:00 [INF] Request starting HTTP/2 GET https://localhost:7166/favicon.ico - null null
2025-12-09 13:59:26.959 +07:00 [INF] Request finished HTTP/2 GET https://localhost:7166/favicon.ico - 404 0 null 41.0113ms
2025-12-09 13:59:26.966 +07:00 [INF] Request reached the end of the middleware pipeline without being handled by application code. Request path: GET https://localhost:7166/favicon.ico, Response status code: 404
2025-12-09 13:59:38.689 +07:00 [INF] Request starting HTTP/2 GET https://localhost:7166/favicon.ico - null null
2025-12-09 13:59:38.704 +07:00 [INF] Request finished HTTP/2 GET https://localhost:7166/favicon.ico - 404 0 null 16.2414ms
2025-12-09 13:59:38.708 +07:00 [INF] Request reached the end of the middleware pipeline without being handled by application code. Request path: GET https://localhost:7166/favicon.ico, Response status code: 404
2025-12-09 14:00:34.673 +07:00 [INF] Executed DbCommand (20ms) [Parameters=[], CommandType='"Text"', CommandTimeout='30']
SELECT 1
2025-12-09 14:00:34.798 +07:00 [INF] Executed DbCommand (43ms) [Parameters=[], CommandType='"Text"', CommandTimeout='30']
SELECT OBJECT_ID(N'[__EFMigrationsHistory]');
2025-12-09 14:00:34.809 +07:00 [INF] Executed DbCommand (2ms) [Parameters=[], CommandType='"Text"', CommandTimeout='30']
SELECT 1
2025-12-09 14:00:34.815 +07:00 [INF] Executed DbCommand (2ms) [Parameters=[], CommandType='"Text"', CommandTimeout='30']
SELECT OBJECT_ID(N'[__EFMigrationsHistory]');
2025-12-09 14:00:34.927 +07:00 [INF] Executed DbCommand (81ms) [Parameters=[], CommandType='"Text"', CommandTimeout='30']
SELECT [MigrationId], [ProductVersion]
FROM [__EFMigrationsHistory]
ORDER BY [MigrationId];
2025-12-09 14:00:34.958 +07:00 [INF] No migrations were applied. The database is already up to date.
2025-12-09 14:00:35.123 +07:00 [INF] User profile is available. Using 'C:\Users\Do Ngoc Khanh\AppData\Local\ASP.NET\DataProtection-Keys' as key repository and Windows DPAPI to encrypt keys at rest.
2025-12-09 14:00:35.411 +07:00 [INF] Now listening on: https://localhost:7166
2025-12-09 14:00:35.413 +07:00 [INF] Now listening on: http://localhost:5079
2025-12-09 14:00:35.465 +07:00 [INF] Application started. Press Ctrl+C to shut down.
2025-12-09 14:00:35.466 +07:00 [INF] Hosting environment: Development
2025-12-09 14:00:35.467 +07:00 [INF] Content root path: C:\Users\Do Ngoc Khanh\tts\UnifiedLearningApi\UnifiedLearningApi
2025-12-09 14:00:36.151 +07:00 [INF] Request starting HTTP/2 GET https://localhost:7166/swagger/index.html - null null
2025-12-09 14:00:36.520 +07:00 [INF] Request finished HTTP/2 GET https://localhost:7166/swagger/index.html - 200 null text/html;charset=utf-8 384.7128ms
2025-12-09 14:00:36.554 +07:00 [INF] Request starting HTTP/2 GET https://localhost:7166/_vs/browserLink - null null
2025-12-09 14:00:36.554 +07:00 [INF] Request starting HTTP/2 GET https://localhost:7166/_framework/aspnetcore-browser-refresh.js - null null
2025-12-09 14:00:36.593 +07:00 [INF] Request finished HTTP/2 GET https://localhost:7166/_framework/aspnetcore-browser-refresh.js - 200 13772 application/javascript; charset=utf-8 40.1561ms
2025-12-09 14:00:36.644 +07:00 [INF] Request finished HTTP/2 GET https://localhost:7166/_vs/browserLink - 200 null text/javascript; charset=UTF-8 90.9858ms
2025-12-09 14:00:36.690 +07:00 [INF] Request starting HTTP/2 GET https://localhost:7166/swagger/v1/swagger.json - null null
2025-12-09 14:00:36.727 +07:00 [INF] Request finished HTTP/2 GET https://localhost:7166/swagger/v1/swagger.json - 200 null application/json;charset=utf-8 36.8412ms
2025-12-09 14:00:43.326 +07:00 [INF] Request starting HTTP/2 GET https://localhost:7166/swagger/v1/swagger.json - null null
2025-12-09 14:00:43.357 +07:00 [INF] Request finished HTTP/2 GET https://localhost:7166/swagger/v1/swagger.json - 200 null application/json;charset=utf-8 31.5166ms
2025-12-09 14:00:43.435 +07:00 [INF] Request starting HTTP/2 GET https://localhost:7166/favicon.ico - null null
2025-12-09 14:00:43.470 +07:00 [INF] Request finished HTTP/2 GET https://localhost:7166/favicon.ico - 404 0 null 35.6826ms
2025-12-09 14:00:43.479 +07:00 [INF] Request reached the end of the middleware pipeline without being handled by application code. Request path: GET https://localhost:7166/favicon.ico, Response status code: 404
2025-12-09 14:00:48.647 +07:00 [INF] Request starting HTTP/2 GET https://localhost:7166/favicon.ico - null null
2025-12-09 14:00:48.659 +07:00 [INF] Request finished HTTP/2 GET https://localhost:7166/favicon.ico - 404 0 null 12.1973ms
2025-12-09 14:00:48.664 +07:00 [INF] Request reached the end of the middleware pipeline without being handled by application code. Request path: GET https://localhost:7166/favicon.ico, Response status code: 404
2025-12-09 14:07:01.059 +07:00 [INF] Executed DbCommand (64ms) [Parameters=[], CommandType='"Text"', CommandTimeout='30']
SELECT 1
2025-12-09 14:07:01.223 +07:00 [INF] Executed DbCommand (62ms) [Parameters=[], CommandType='"Text"', CommandTimeout='30']
SELECT OBJECT_ID(N'[__EFMigrationsHistory]');
2025-12-09 14:07:01.231 +07:00 [INF] Executed DbCommand (2ms) [Parameters=[], CommandType='"Text"', CommandTimeout='30']
SELECT 1
2025-12-09 14:07:01.238 +07:00 [INF] Executed DbCommand (1ms) [Parameters=[], CommandType='"Text"', CommandTimeout='30']
SELECT OBJECT_ID(N'[__EFMigrationsHistory]');
2025-12-09 14:07:01.363 +07:00 [INF] Executed DbCommand (80ms) [Parameters=[], CommandType='"Text"', CommandTimeout='30']
SELECT [MigrationId], [ProductVersion]
FROM [__EFMigrationsHistory]
ORDER BY [MigrationId];
2025-12-09 14:07:01.398 +07:00 [INF] No migrations were applied. The database is already up to date.
2025-12-09 14:07:01.627 +07:00 [INF] User profile is available. Using 'C:\Users\Do Ngoc Khanh\AppData\Local\ASP.NET\DataProtection-Keys' as key repository and Windows DPAPI to encrypt keys at rest.
2025-12-09 14:07:01.953 +07:00 [INF] Now listening on: http://localhost:5079
2025-12-09 14:07:02.044 +07:00 [INF] Application started. Press Ctrl+C to shut down.
2025-12-09 14:07:02.046 +07:00 [INF] Hosting environment: Development
2025-12-09 14:07:02.049 +07:00 [INF] Content root path: C:\Users\Do Ngoc Khanh\tts\UnifiedLearningApi\UnifiedLearningApi
2025-12-09 14:07:02.725 +07:00 [INF] Request starting HTTP/1.1 GET http://localhost:5079/swagger - null null
2025-12-09 14:07:03.134 +07:00 [INF] Request finished HTTP/1.1 GET http://localhost:5079/swagger - 301 0 null 421.9517ms
2025-12-09 14:07:03.169 +07:00 [INF] Request starting HTTP/1.1 GET http://localhost:5079/swagger/index.html - null null
2025-12-09 14:07:03.301 +07:00 [INF] Request finished HTTP/1.1 GET http://localhost:5079/swagger/index.html - 200 null text/html;charset=utf-8 132.8649ms
2025-12-09 14:07:03.394 +07:00 [INF] Request starting HTTP/1.1 GET http://localhost:5079/swagger/swagger-ui.css - null null
2025-12-09 14:07:03.426 +07:00 [INF] Request starting HTTP/1.1 GET http://localhost:5079/swagger/swagger-ui-bundle.js - null null
2025-12-09 14:07:03.455 +07:00 [INF] Request starting HTTP/1.1 GET http://localhost:5079/swagger/swagger-ui-standalone-preset.js - null null
2025-12-09 14:07:03.446 +07:00 [INF] Request starting HTTP/1.1 GET http://localhost:5079/_framework/aspnetcore-browser-refresh.js - null null
2025-12-09 14:07:03.456 +07:00 [INF] Request starting HTTP/1.1 GET http://localhost:5079/_vs/browserLink - null null
2025-12-09 14:07:03.515 +07:00 [INF] Request finished HTTP/1.1 GET http://localhost:5079/_framework/aspnetcore-browser-refresh.js - 200 13772 application/javascript; charset=utf-8 74.8538ms
2025-12-09 14:07:03.564 +07:00 [INF] Sending file. Request path: '/swagger-ui-standalone-preset.js'. Physical path: 'N/A'
2025-12-09 14:07:03.564 +07:00 [INF] Sending file. Request path: '/swagger-ui.css'. Physical path: 'N/A'
2025-12-09 14:07:03.588 +07:00 [INF] Request finished HTTP/1.1 GET http://localhost:5079/swagger/swagger-ui-standalone-preset.js - 200 230280 text/javascript 140.3368ms
2025-12-09 14:07:03.588 +07:00 [INF] Request finished HTTP/1.1 GET http://localhost:5079/swagger/swagger-ui.css - 200 152034 text/css 193.7082ms
2025-12-09 14:07:03.621 +07:00 [INF] Sending file. Request path: '/swagger-ui-bundle.js'. Physical path: 'N/A'
2025-12-09 14:07:03.626 +07:00 [INF] Request finished HTTP/1.1 GET http://localhost:5079/swagger/swagger-ui-bundle.js - 200 1456926 text/javascript 199.8199ms
2025-12-09 14:07:03.667 +07:00 [INF] Request finished HTTP/1.1 GET http://localhost:5079/_vs/browserLink - 200 null text/javascript; charset=UTF-8 210.765ms
2025-12-09 14:07:04.021 +07:00 [INF] Request starting HTTP/1.1 GET http://localhost:5079/swagger/v1/swagger.json - null null
2025-12-09 14:07:04.064 +07:00 [INF] Request finished HTTP/1.1 GET http://localhost:5079/swagger/v1/swagger.json - 200 null application/json;charset=utf-8 43.4274ms
2025-12-09 14:07:04.147 +07:00 [INF] Request starting HTTP/1.1 GET http://localhost:5079/swagger/favicon-32x32.png - null null
2025-12-09 14:07:04.158 +07:00 [INF] Sending file. Request path: '/favicon-32x32.png'. Physical path: 'N/A'
2025-12-09 14:07:04.163 +07:00 [INF] Request finished HTTP/1.1 GET http://localhost:5079/swagger/favicon-32x32.png - 200 628 image/png 15.7728ms
2025-12-09 14:07:20.814 +07:00 [INF] Executed DbCommand (22ms) [Parameters=[], CommandType='"Text"', CommandTimeout='30']
SELECT 1
2025-12-09 14:07:20.975 +07:00 [INF] Executed DbCommand (41ms) [Parameters=[], CommandType='"Text"', CommandTimeout='30']
SELECT OBJECT_ID(N'[__EFMigrationsHistory]');
2025-12-09 14:07:20.985 +07:00 [INF] Executed DbCommand (3ms) [Parameters=[], CommandType='"Text"', CommandTimeout='30']
SELECT 1
2025-12-09 14:07:20.992 +07:00 [INF] Executed DbCommand (1ms) [Parameters=[], CommandType='"Text"', CommandTimeout='30']
SELECT OBJECT_ID(N'[__EFMigrationsHistory]');
2025-12-09 14:07:21.056 +07:00 [INF] Executed DbCommand (12ms) [Parameters=[], CommandType='"Text"', CommandTimeout='30']
SELECT [MigrationId], [ProductVersion]
FROM [__EFMigrationsHistory]
ORDER BY [MigrationId];
2025-12-09 14:07:21.097 +07:00 [INF] No migrations were applied. The database is already up to date.
2025-12-09 14:07:21.289 +07:00 [INF] User profile is available. Using 'C:\Users\Do Ngoc Khanh\AppData\Local\ASP.NET\DataProtection-Keys' as key repository and Windows DPAPI to encrypt keys at rest.
2025-12-09 14:07:21.573 +07:00 [INF] Now listening on: http://localhost:5079
2025-12-09 14:07:21.836 +07:00 [INF] Application started. Press Ctrl+C to shut down.
2025-12-09 14:07:21.839 +07:00 [INF] Hosting environment: Development
2025-12-09 14:07:21.840 +07:00 [INF] Content root path: C:\Users\Do Ngoc Khanh\tts\UnifiedLearningApi\UnifiedLearningApi
2025-12-09 14:07:22.094 +07:00 [INF] Request starting HTTP/1.1 GET http://localhost:5079/swagger/index.html - null null
2025-12-09 14:07:22.549 +07:00 [INF] Request finished HTTP/1.1 GET http://localhost:5079/swagger/index.html - 200 null text/html;charset=utf-8 476.7127ms
2025-12-09 14:07:22.569 +07:00 [INF] Request starting HTTP/1.1 GET http://localhost:5079/_framework/aspnetcore-browser-refresh.js - null null
2025-12-09 14:07:22.572 +07:00 [INF] Request starting HTTP/1.1 GET http://localhost:5079/_vs/browserLink - null null
2025-12-09 14:07:22.593 +07:00 [INF] Request finished HTTP/1.1 GET http://localhost:5079/_framework/aspnetcore-browser-refresh.js - 200 13772 application/javascript; charset=utf-8 24.7292ms
2025-12-09 14:07:22.676 +07:00 [INF] Request finished HTTP/1.1 GET http://localhost:5079/_vs/browserLink - 200 null text/javascript; charset=UTF-8 104.0608ms
2025-12-09 14:07:22.856 +07:00 [INF] Request starting HTTP/1.1 GET http://localhost:5079/swagger/v1/swagger.json - null null
2025-12-09 14:07:22.895 +07:00 [INF] Request finished HTTP/1.1 GET http://localhost:5079/swagger/v1/swagger.json - 200 null application/json;charset=utf-8 38.8734ms
2025-12-09 14:07:26.572 +07:00 [INF] Request starting HTTP/1.1 GET http://localhost:5079/swagger/index.html - null null
2025-12-09 14:07:26.589 +07:00 [INF] Request finished HTTP/1.1 GET http://localhost:5079/swagger/index.html - 200 null text/html;charset=utf-8 16.9771ms
2025-12-09 14:07:26.615 +07:00 [INF] Request starting HTTP/1.1 GET http://localhost:5079/_vs/browserLink - null null
2025-12-09 14:07:26.615 +07:00 [INF] Request starting HTTP/1.1 GET http://localhost:5079/_framework/aspnetcore-browser-refresh.js - null null
2025-12-09 14:07:26.633 +07:00 [INF] Request finished HTTP/1.1 GET http://localhost:5079/_framework/aspnetcore-browser-refresh.js - 200 13772 application/javascript; charset=utf-8 17.7885ms
2025-12-09 14:07:26.656 +07:00 [INF] Request finished HTTP/1.1 GET http://localhost:5079/_vs/browserLink - 200 null text/javascript; charset=UTF-8 41.2431ms
2025-12-09 14:07:26.683 +07:00 [INF] Request starting HTTP/1.1 GET http://localhost:5079/swagger/v1/swagger.json - null null
2025-12-09 14:07:26.703 +07:00 [INF] Request finished HTTP/1.1 GET http://localhost:5079/swagger/v1/swagger.json - 200 null application/json;charset=utf-8 19.235ms
2025-12-09 14:07:27.196 +07:00 [INF] Request starting HTTP/1.1 GET http://localhost:5079/swagger/index.html - null null
2025-12-09 14:07:27.206 +07:00 [INF] Request finished HTTP/1.1 GET http://localhost:5079/swagger/index.html - 200 null text/html;charset=utf-8 10.5495ms
2025-12-09 14:07:27.226 +07:00 [INF] Request starting HTTP/1.1 GET http://localhost:5079/_vs/browserLink - null null
2025-12-09 14:07:27.229 +07:00 [INF] Request starting HTTP/1.1 GET http://localhost:5079/_framework/aspnetcore-browser-refresh.js - null null
2025-12-09 14:07:27.233 +07:00 [INF] Request finished HTTP/1.1 GET http://localhost:5079/_framework/aspnetcore-browser-refresh.js - 200 13772 application/javascript; charset=utf-8 3.6735ms
2025-12-09 14:07:27.246 +07:00 [INF] Request finished HTTP/1.1 GET http://localhost:5079/_vs/browserLink - 200 null text/javascript; charset=UTF-8 19.8229ms
2025-12-09 14:07:27.271 +07:00 [INF] Request starting HTTP/1.1 GET http://localhost:5079/swagger/v1/swagger.json - null null
2025-12-09 14:07:27.284 +07:00 [INF] Request finished HTTP/1.1 GET http://localhost:5079/swagger/v1/swagger.json - 200 null application/json;charset=utf-8 13.4987ms
2025-12-09 14:07:27.410 +07:00 [INF] Request starting HTTP/1.1 GET http://localhost:5079/swagger/index.html - null null
2025-12-09 14:07:27.422 +07:00 [INF] Request finished HTTP/1.1 GET http://localhost:5079/swagger/index.html - 200 null text/html;charset=utf-8 11.4753ms
2025-12-09 14:07:27.448 +07:00 [INF] Request starting HTTP/1.1 GET http://localhost:5079/_vs/browserLink - null null
2025-12-09 14:07:27.455 +07:00 [INF] Request starting HTTP/1.1 GET http://localhost:5079/_framework/aspnetcore-browser-refresh.js - null null
2025-12-09 14:07:27.459 +07:00 [INF] Request finished HTTP/1.1 GET http://localhost:5079/_vs/browserLink - 200 null text/javascript; charset=UTF-8 10.7269ms
2025-12-09 14:07:27.460 +07:00 [INF] Request finished HTTP/1.1 GET http://localhost:5079/_framework/aspnetcore-browser-refresh.js - 200 13772 application/javascript; charset=utf-8 5.2242ms
2025-12-09 14:07:27.483 +07:00 [INF] Request starting HTTP/1.1 GET http://localhost:5079/swagger/v1/swagger.json - null null
2025-12-09 14:07:27.496 +07:00 [INF] Request finished HTTP/1.1 GET http://localhost:5079/swagger/v1/swagger.json - 200 null application/json;charset=utf-8 13.8038ms
2025-12-09 14:07:28.005 +07:00 [INF] Request starting HTTP/1.1 GET http://localhost:5079/swagger/index.html - null null
2025-12-09 14:07:28.013 +07:00 [INF] Request finished HTTP/1.1 GET http://localhost:5079/swagger/index.html - 200 null text/html;charset=utf-8 8.7436ms
2025-12-09 14:07:28.043 +07:00 [INF] Request starting HTTP/1.1 GET http://localhost:5079/_vs/browserLink - null null
2025-12-09 14:07:28.048 +07:00 [INF] Request starting HTTP/1.1 GET http://localhost:5079/_framework/aspnetcore-browser-refresh.js - null null
2025-12-09 14:07:28.053 +07:00 [INF] Request finished HTTP/1.1 GET http://localhost:5079/_framework/aspnetcore-browser-refresh.js - 200 13772 application/javascript; charset=utf-8 5.1867ms
2025-12-09 14:07:28.055 +07:00 [INF] Request finished HTTP/1.1 GET http://localhost:5079/_vs/browserLink - 200 null text/javascript; charset=UTF-8 11.9618ms
2025-12-09 14:07:28.080 +07:00 [INF] Request starting HTTP/1.1 GET http://localhost:5079/swagger/v1/swagger.json - null null
2025-12-09 14:07:28.093 +07:00 [INF] Request finished HTTP/1.1 GET http://localhost:5079/swagger/v1/swagger.json - 200 null application/json;charset=utf-8 12.58ms
2025-12-09 14:22:35.072 +07:00 [INF] Executed DbCommand (14ms) [Parameters=[], CommandType='"Text"', CommandTimeout='30']
SELECT 1
2025-12-09 14:22:35.160 +07:00 [INF] Executed DbCommand (42ms) [Parameters=[], CommandType='"Text"', CommandTimeout='30']
SELECT OBJECT_ID(N'[__EFMigrationsHistory]');
2025-12-09 14:22:35.165 +07:00 [INF] Executed DbCommand (2ms) [Parameters=[], CommandType='"Text"', CommandTimeout='30']
SELECT 1
2025-12-09 14:22:35.167 +07:00 [INF] Executed DbCommand (1ms) [Parameters=[], CommandType='"Text"', CommandTimeout='30']
SELECT OBJECT_ID(N'[__EFMigrationsHistory]');
2025-12-09 14:22:35.248 +07:00 [INF] Executed DbCommand (67ms) [Parameters=[], CommandType='"Text"', CommandTimeout='30']
SELECT [MigrationId], [ProductVersion]
FROM [__EFMigrationsHistory]
ORDER BY [MigrationId];
2025-12-09 14:22:35.260 +07:00 [INF] No migrations were applied. The database is already up to date.
2025-12-09 14:22:35.348 +07:00 [INF] User profile is available. Using 'C:\Users\Do Ngoc Khanh\AppData\Local\ASP.NET\DataProtection-Keys' as key repository and Windows DPAPI to encrypt keys at rest.
2025-12-09 14:22:35.422 +07:00 [INF] Now listening on: http://localhost:5079
2025-12-09 14:22:35.425 +07:00 [INF] Application started. Press Ctrl+C to shut down.
2025-12-09 14:22:35.425 +07:00 [INF] Hosting environment: Development
2025-12-09 14:22:35.426 +07:00 [INF] Content root path: C:\Users\Do Ngoc Khanh\tts\UnifiedLearningApi\UnifiedlearningApi
2025-12-09 14:22:38.613 +07:00 [INF] Request starting HTTP/1.1 GET http://localhost:5079/ - null null
2025-12-09 14:22:38.730 +07:00 [WRN] Failed to determine the https port for redirect.
2025-12-09 14:22:38.752 +07:00 [INF] Request finished HTTP/1.1 GET http://localhost:5079/ - 404 0 null 144.0783ms
2025-12-09 14:22:38.763 +07:00 [INF] Request reached the end of the middleware pipeline without being handled by application code. Request path: GET http://localhost:5079/, Response status code: 404
2025-12-09 14:22:40.259 +07:00 [INF] Request starting HTTP/1.1 GET http://localhost:5079/ - null null
2025-12-09 14:22:40.264 +07:00 [INF] Request finished HTTP/1.1 GET http://localhost:5079/ - 404 0 null 5.6386ms
2025-12-09 14:22:40.267 +07:00 [INF] Request reached the end of the middleware pipeline without being handled by application code. Request path: GET http://localhost:5079/, Response status code: 404
2025-12-09 14:22:41.102 +07:00 [INF] Request starting HTTP/1.1 GET http://localhost:5079/ - null null
2025-12-09 14:22:41.111 +07:00 [INF] Request finished HTTP/1.1 GET http://localhost:5079/ - 404 0 null 8.7618ms
2025-12-09 14:22:41.115 +07:00 [INF] Request reached the end of the middleware pipeline without being handled by application code. Request path: GET http://localhost:5079/, Response status code: 404
2025-12-09 14:22:41.516 +07:00 [INF] Request starting HTTP/1.1 GET http://localhost:5079/ - null null
2025-12-09 14:22:41.522 +07:00 [INF] Request finished HTTP/1.1 GET http://localhost:5079/ - 404 0 null 5.237ms
2025-12-09 14:22:41.527 +07:00 [INF] Request reached the end of the middleware pipeline without being handled by application code. Request path: GET http://localhost:5079/, Response status code: 404
2025-12-09 14:22:41.999 +07:00 [INF] Request starting HTTP/1.1 GET http://localhost:5079/ - null null
2025-12-09 14:22:42.002 +07:00 [INF] Request finished HTTP/1.1 GET http://localhost:5079/ - 404 0 null 2.4163ms
2025-12-09 14:22:42.005 +07:00 [INF] Request reached the end of the middleware pipeline without being handled by application code. Request path: GET http://localhost:5079/, Response status code: 404
2025-12-09 14:22:42.418 +07:00 [INF] Request starting HTTP/1.1 GET http://localhost:5079/ - null null
2025-12-09 14:22:42.422 +07:00 [INF] Request finished HTTP/1.1 GET http://localhost:5079/ - 404 0 null 4.6155ms
2025-12-09 14:22:42.426 +07:00 [INF] Request reached the end of the middleware pipeline without being handled by application code. Request path: GET http://localhost:5079/, Response status code: 404
2025-12-09 14:22:42.893 +07:00 [INF] Request starting HTTP/1.1 GET http://localhost:5079/ - null null
2025-12-09 14:22:42.898 +07:00 [INF] Request finished HTTP/1.1 GET http://localhost:5079/ - 404 0 null 4.9229ms
2025-12-09 14:22:42.902 +07:00 [INF] Request reached the end of the middleware pipeline without being handled by application code. Request path: GET http://localhost:5079/, Response status code: 404
2025-12-09 14:22:43.364 +07:00 [INF] Request starting HTTP/1.1 GET http://localhost:5079/ - null null
2025-12-09 14:22:43.368 +07:00 [INF] Request finished HTTP/1.1 GET http://localhost:5079/ - 404 0 null 3.8948ms
2025-12-09 14:22:43.375 +07:00 [INF] Request reached the end of the middleware pipeline without being handled by application code. Request path: GET http://localhost:5079/, Response status code: 404
2025-12-09 14:22:52.444 +07:00 [INF] Request starting HTTP/1.1 GET http://localhost:5079/ - null null
2025-12-09 14:22:52.450 +07:00 [INF] Request finished HTTP/1.1 GET http://localhost:5079/ - 404 0 null 5.8468ms
2025-12-09 14:22:52.458 +07:00 [INF] Request reached the end of the middleware pipeline without being handled by application code. Request path: GET http://localhost:5079/, Response status code: 404
2025-12-09 14:23:16.904 +07:00 [INF] Request starting HTTP/1.1 GET http://localhost:5079/ - null null
2025-12-09 14:23:16.913 +07:00 [INF] Request finished HTTP/1.1 GET http://localhost:5079/ - 404 0 null 9.8989ms
2025-12-09 14:23:16.921 +07:00 [INF] Request reached the end of the middleware pipeline without being handled by application code. Request path: GET http://localhost:5079/, Response status code: 404
2025-12-09 14:29:46.367 +07:00 [INF] Application is shutting down...
2025-12-09 14:29:59.715 +07:00 [INF] Executed DbCommand (36ms) [Parameters=[], CommandType='"Text"', CommandTimeout='30']
SELECT 1
2025-12-09 14:29:59.805 +07:00 [INF] Executed DbCommand (52ms) [Parameters=[], CommandType='"Text"', CommandTimeout='30']
SELECT OBJECT_ID(N'[__EFMigrationsHistory]');
2025-12-09 14:29:59.811 +07:00 [INF] Executed DbCommand (2ms) [Parameters=[], CommandType='"Text"', CommandTimeout='30']
SELECT 1
2025-12-09 14:29:59.817 +07:00 [INF] Executed DbCommand (1ms) [Parameters=[], CommandType='"Text"', CommandTimeout='30']
SELECT OBJECT_ID(N'[__EFMigrationsHistory]');
2025-12-09 14:29:59.895 +07:00 [INF] Executed DbCommand (59ms) [Parameters=[], CommandType='"Text"', CommandTimeout='30']
SELECT [MigrationId], [ProductVersion]
FROM [__EFMigrationsHistory]
ORDER BY [MigrationId];
2025-12-09 14:29:59.909 +07:00 [INF] No migrations were applied. The database is already up to date.
2025-12-09 14:30:00.046 +07:00 [INF] User profile is available. Using 'C:\Users\Do Ngoc Khanh\AppData\Local\ASP.NET\DataProtection-Keys' as key repository and Windows DPAPI to encrypt keys at rest.
2025-12-09 14:30:00.123 +07:00 [WRN] Overriding address(es) 'https://localhost:7166, http://localhost:5079'. Binding to endpoints defined via IConfiguration and/or UseKestrel() instead.
2025-12-09 14:30:00.166 +07:00 [INF] Now listening on: http://localhost:5079
2025-12-09 14:30:00.167 +07:00 [INF] Now listening on: https://localhost:7166
2025-12-09 14:30:00.168 +07:00 [INF] Application started. Press Ctrl+C to shut down.
2025-12-09 14:30:00.168 +07:00 [INF] Hosting environment: Development
2025-12-09 14:30:00.168 +07:00 [INF] Content root path: C:\Users\Do Ngoc Khanh\tts\UnifiedLearningApi\UnifiedlearningApi
2025-12-09 14:30:28.202 +07:00 [INF] Request starting HTTP/1.1 GET http://localhost:5079/ - null null
2025-12-09 14:30:28.294 +07:00 [INF] Request finished HTTP/1.1 GET http://localhost:5079/ - 307 0 null 96.3517ms
2025-12-09 14:30:28.417 +07:00 [INF] Request starting HTTP/2 GET https://localhost:7166/ - null null
2025-12-09 14:30:28.430 +07:00 [INF] Request finished HTTP/2 GET https://localhost:7166/ - 404 0 null 12.7355ms
2025-12-09 14:30:28.438 +07:00 [INF] Request reached the end of the middleware pipeline without being handled by application code. Request path: GET https://localhost:7166/, Response status code: 404
2025-12-09 14:30:34.398 +07:00 [INF] Request starting HTTP/2 GET https://localhost:7166/ - null null
2025-12-09 14:30:34.407 +07:00 [INF] Request finished HTTP/2 GET https://localhost:7166/ - 404 0 null 8.5884ms
2025-12-09 14:30:34.413 +07:00 [INF] Request reached the end of the middleware pipeline without being handled by application code. Request path: GET https://localhost:7166/, Response status code: 404
2025-12-09 14:32:35.521 +07:00 [INF] Application is shutting down...
2025-12-09 14:32:46.220 +07:00 [INF] Executed DbCommand (44ms) [Parameters=[], CommandType='"Text"', CommandTimeout='30']
SELECT 1
2025-12-09 14:32:46.313 +07:00 [INF] Executed DbCommand (52ms) [Parameters=[], CommandType='"Text"', CommandTimeout='30']
SELECT OBJECT_ID(N'[__EFMigrationsHistory]');
2025-12-09 14:32:46.316 +07:00 [INF] Executed DbCommand (1ms) [Parameters=[], CommandType='"Text"', CommandTimeout='30']
SELECT 1
2025-12-09 14:32:46.318 +07:00 [INF] Executed DbCommand (1ms) [Parameters=[], CommandType='"Text"', CommandTimeout='30']
SELECT OBJECT_ID(N'[__EFMigrationsHistory]');
2025-12-09 14:32:46.406 +07:00 [INF] Executed DbCommand (76ms) [Parameters=[], CommandType='"Text"', CommandTimeout='30']
SELECT [MigrationId], [ProductVersion]
FROM [__EFMigrationsHistory]
ORDER BY [MigrationId];
2025-12-09 14:32:46.417 +07:00 [INF] No migrations were applied. The database is already up to date.
2025-12-09 14:32:46.547 +07:00 [INF] User profile is available. Using 'C:\Users\Do Ngoc Khanh\AppData\Local\ASP.NET\DataProtection-Keys' as key repository and Windows DPAPI to encrypt keys at rest.
2025-12-09 14:32:46.613 +07:00 [WRN] Overriding address(es) 'https://localhost:7166, http://localhost:5079'. Binding to endpoints defined via IConfiguration and/or UseKestrel() instead.
2025-12-09 14:32:46.666 +07:00 [INF] Now listening on: http://localhost:5079
2025-12-09 14:32:46.667 +07:00 [INF] Now listening on: https://localhost:7166
2025-12-09 14:32:46.667 +07:00 [INF] Application started. Press Ctrl+C to shut down.
2025-12-09 14:32:46.668 +07:00 [INF] Hosting environment: Development
2025-12-09 14:32:46.669 +07:00 [INF] Content root path: C:\Users\Do Ngoc Khanh\tts\UnifiedLearningApi\UnifiedlearningApi
2025-12-09 14:34:32.584 +07:00 [INF] Request starting HTTP/2 GET https://localhost:7166/ - null null
2025-12-09 14:34:32.738 +07:00 [INF] Request finished HTTP/2 GET https://localhost:7166/ - 404 0 null 162.2932ms
2025-12-09 14:34:32.750 +07:00 [INF] Request reached the end of the middleware pipeline without being handled by application code. Request path: GET https://localhost:7166/, Response status code: 404
2025-12-09 14:34:39.376 +07:00 [INF] Request starting HTTP/2 GET https://localhost:7166/swagger/index.html - null null
2025-12-09 14:34:39.504 +07:00 [INF] Request finished HTTP/2 GET https://localhost:7166/swagger/index.html - 200 null text/html;charset=utf-8 127.6279ms
2025-12-09 14:34:39.621 +07:00 [INF] Request starting HTTP/2 GET https://localhost:7166/swagger/v1/swagger.json - null null
2025-12-09 14:34:39.808 +07:00 [INF] Request finished HTTP/2 GET https://localhost:7166/swagger/v1/swagger.json - 200 null application/json;charset=utf-8 187.1227ms
2025-12-09 14:37:31.327 +07:00 [INF] Application is shutting down...
2025-12-09 14:40:04.113 +07:00 [INF] Executed DbCommand (35ms) [Parameters=[], CommandType='"Text"', CommandTimeout='30']
SELECT 1
2025-12-09 14:40:04.200 +07:00 [INF] Executed DbCommand (50ms) [Parameters=[], CommandType='"Text"', CommandTimeout='30']
SELECT OBJECT_ID(N'[__EFMigrationsHistory]');
2025-12-09 14:40:04.204 +07:00 [INF] Executed DbCommand (1ms) [Parameters=[], CommandType='"Text"', CommandTimeout='30']
SELECT 1
2025-12-09 14:40:04.206 +07:00 [INF] Executed DbCommand (1ms) [Parameters=[], CommandType='"Text"', CommandTimeout='30']
SELECT OBJECT_ID(N'[__EFMigrationsHistory]');
2025-12-09 14:40:04.287 +07:00 [INF] Executed DbCommand (66ms) [Parameters=[], CommandType='"Text"', CommandTimeout='30']
SELECT [MigrationId], [ProductVersion]
FROM [__EFMigrationsHistory]
ORDER BY [MigrationId];
2025-12-09 14:40:04.299 +07:00 [INF] No migrations were applied. The database is already up to date.
2025-12-09 14:40:04.395 +07:00 [INF] User profile is available. Using 'C:\Users\Do Ngoc Khanh\AppData\Local\ASP.NET\DataProtection-Keys' as key repository and Windows DPAPI to encrypt keys at rest.
2025-12-09 14:40:04.539 +07:00 [INF] Now listening on: https://localhost:7166
2025-12-09 14:40:04.540 +07:00 [INF] Now listening on: http://localhost:5079
2025-12-09 14:40:04.542 +07:00 [INF] Application started. Press Ctrl+C to shut down.
2025-12-09 14:40:04.542 +07:00 [INF] Hosting environment: Development
2025-12-09 14:40:04.542 +07:00 [INF] Content root path: C:\Users\Do Ngoc Khanh\tts\UnifiedLearningApi\UnifiedlearningApi
2025-12-09 14:41:27.194 +07:00 [INF] Request starting HTTP/2 GET https://localhost:7166/swagger/index.html - null null
2025-12-09 14:41:27.287 +07:00 [INF] Request finished HTTP/2 GET https://localhost:7166/swagger/index.html - 200 null text/html;charset=utf-8 93.5327ms
2025-12-09 14:41:27.529 +07:00 [INF] Request starting HTTP/2 GET https://localhost:7166/swagger/v1/swagger.json - null null
2025-12-09 14:41:27.643 +07:00 [INF] Request finished HTTP/2 GET https://localhost:7166/swagger/v1/swagger.json - 200 null application/json;charset=utf-8 114.4249ms
2025-12-09 14:41:28.141 +07:00 [INF] Request starting HTTP/2 GET https://localhost:7166/swagger/index.html - null null
2025-12-09 14:41:28.145 +07:00 [INF] Request finished HTTP/2 GET https://localhost:7166/swagger/index.html - 200 null text/html;charset=utf-8 3.714ms
2025-12-09 14:41:28.210 +07:00 [INF] Request starting HTTP/2 GET https://localhost:7166/swagger/v1/swagger.json - null null
2025-12-09 14:41:28.223 +07:00 [INF] Request finished HTTP/2 GET https://localhost:7166/swagger/v1/swagger.json - 200 null application/json;charset=utf-8 12.2386ms
2025-12-09 14:41:28.694 +07:00 [INF] Request starting HTTP/2 GET https://localhost:7166/swagger/index.html - null null
2025-12-09 14:41:28.698 +07:00 [INF] Request finished HTTP/2 GET https://localhost:7166/swagger/index.html - 200 null text/html;charset=utf-8 3.7367ms
2025-12-09 14:41:28.839 +07:00 [INF] Request starting HTTP/2 GET https://localhost:7166/swagger/v1/swagger.json - null null
2025-12-09 14:41:28.847 +07:00 [INF] Request finished HTTP/2 GET https://localhost:7166/swagger/v1/swagger.json - 200 null application/json;charset=utf-8 7.7979ms
2025-12-09 14:41:29.010 +07:00 [INF] Request starting HTTP/2 GET https://localhost:7166/swagger/index.html - null null
2025-12-09 14:41:29.014 +07:00 [INF] Request finished HTTP/2 GET https://localhost:7166/swagger/index.html - 200 null text/html;charset=utf-8 3.3024ms
2025-12-09 14:41:29.067 +07:00 [INF] Request starting HTTP/2 GET https://localhost:7166/swagger/v1/swagger.json - null null
2025-12-09 14:41:29.076 +07:00 [INF] Request finished HTTP/2 GET https://localhost:7166/swagger/v1/swagger.json - 200 null application/json;charset=utf-8 9.0252ms
2025-12-09 14:41:29.160 +07:00 [INF] Request starting HTTP/2 GET https://localhost:7166/swagger/index.html - null null
2025-12-09 14:41:29.165 +07:00 [INF] Request finished HTTP/2 GET https://localhost:7166/swagger/index.html - 200 null text/html;charset=utf-8 4.7917ms
2025-12-09 14:41:29.213 +07:00 [INF] Request starting HTTP/2 GET https://localhost:7166/swagger/v1/swagger.json - null null
2025-12-09 14:41:29.222 +07:00 [INF] Request finished HTTP/2 GET https://localhost:7166/swagger/v1/swagger.json - 200 null application/json;charset=utf-8 8.4458ms
2025-12-09 14:41:29.505 +07:00 [INF] Request starting HTTP/2 GET https://localhost:7166/swagger/index.html - null null
2025-12-09 14:41:29.510 +07:00 [INF] Request finished HTTP/2 GET https://localhost:7166/swagger/index.html - 200 null text/html;charset=utf-8 5.197ms
2025-12-09 14:41:29.563 +07:00 [INF] Request starting HTTP/2 GET https://localhost:7166/swagger/v1/swagger.json - null null
2025-12-09 14:41:29.571 +07:00 [INF] Request finished HTTP/2 GET https://localhost:7166/swagger/v1/swagger.json - 200 null application/json;charset=utf-8 7.5146ms
2025-12-09 14:41:47.502 +07:00 [INF] Request starting HTTP/1.1 GET http://localhost:5079/swagger/index.html - null null
2025-12-09 14:41:47.518 +07:00 [INF] Request finished HTTP/1.1 GET http://localhost:5079/swagger/index.html - 200 null text/html;charset=utf-8 15.8172ms
2025-12-09 14:41:47.880 +07:00 [INF] Request starting HTTP/1.1 GET http://localhost:5079/swagger/v1/swagger.json - null null
2025-12-09 14:41:47.888 +07:00 [INF] Request finished HTTP/1.1 GET http://localhost:5079/swagger/v1/swagger.json - 200 null application/json;charset=utf-8 8.1045ms
2025-12-09 14:42:03.932 +07:00 [INF] Request starting HTTP/1.1 GET http://localhost:5079/swagger/index.html - null null
2025-12-09 14:42:03.938 +07:00 [INF] Request finished HTTP/1.1 GET http://localhost:5079/swagger/index.html - 200 null text/html;charset=utf-8 6.0368ms
2025-12-09 14:42:04.046 +07:00 [INF] Request starting HTTP/1.1 GET http://localhost:5079/swagger/swagger-ui.css - null null
2025-12-09 14:42:04.046 +07:00 [INF] Request starting HTTP/1.1 GET http://localhost:5079/swagger/swagger-ui-bundle.js - null null
2025-12-09 14:42:04.048 +07:00 [INF] Request starting HTTP/1.1 GET http://localhost:5079/swagger/swagger-ui-standalone-preset.js - null null
2025-12-09 14:42:04.094 +07:00 [INF] Sending file. Request path: '/swagger-ui-standalone-preset.js'. Physical path: 'N/A'
2025-12-09 14:42:04.094 +07:00 [INF] Sending file. Request path: '/swagger-ui.css'. Physical path: 'N/A'
2025-12-09 14:42:04.098 +07:00 [INF] Request finished HTTP/1.1 GET http://localhost:5079/swagger/swagger-ui-standalone-preset.js - 200 230280 text/javascript 49.3209ms
2025-12-09 14:42:04.100 +07:00 [INF] Request finished HTTP/1.1 GET http://localhost:5079/swagger/swagger-ui.css - 200 152034 text/css 53.4636ms
2025-12-09 14:42:04.112 +07:00 [INF] Sending file. Request path: '/swagger-ui-bundle.js'. Physical path: 'N/A'
2025-12-09 14:42:04.114 +07:00 [INF] Request finished HTTP/1.1 GET http://localhost:5079/swagger/swagger-ui-bundle.js - 200 1456926 text/javascript 67.3908ms
2025-12-09 14:42:04.299 +07:00 [INF] Request starting HTTP/1.1 GET http://localhost:5079/swagger/favicon-32x32.png - null null
2025-12-09 14:42:04.299 +07:00 [INF] Request starting HTTP/1.1 GET http://localhost:5079/swagger/v1/swagger.json - null null
2025-12-09 14:42:04.304 +07:00 [INF] Sending file. Request path: '/favicon-32x32.png'. Physical path: 'N/A'
2025-12-09 14:42:04.308 +07:00 [INF] Request finished HTTP/1.1 GET http://localhost:5079/swagger/favicon-32x32.png - 200 628 image/png 8.8376ms
2025-12-09 14:42:04.311 +07:00 [INF] Request finished HTTP/1.1 GET http://localhost:5079/swagger/v1/swagger.json - 200 null application/json;charset=utf-8 12.3019ms
2025-12-09 14:43:41.521 +07:00 [INF] Request starting HTTP/2 GET https://localhost:7166/swagger/v1/swagger.json - null null
2025-12-09 14:43:41.538 +07:00 [INF] Request finished HTTP/2 GET https://localhost:7166/swagger/v1/swagger.json - 200 null application/json;charset=utf-8 17.0001ms
2025-12-09 14:43:41.620 +07:00 [INF] Request starting HTTP/2 GET https://localhost:7166/favicon.ico - null null
2025-12-09 14:43:41.679 +07:00 [INF] Request finished HTTP/2 GET https://localhost:7166/favicon.ico - 404 0 null 58.6957ms
2025-12-09 14:43:41.685 +07:00 [INF] Request reached the end of the middleware pipeline without being handled by application code. Request path: GET https://localhost:7166/favicon.ico, Response status code: 404
2025-12-09 14:45:56.070 +07:00 [INF] Application is shutting down...
2025-12-09 14:46:04.761 +07:00 [INF] Executed DbCommand (11ms) [Parameters=[], CommandType='"Text"', CommandTimeout='30']
SELECT 1
2025-12-09 14:46:04.815 +07:00 [INF] Executed DbCommand (23ms) [Parameters=[], CommandType='"Text"', CommandTimeout='30']
SELECT OBJECT_ID(N'[__EFMigrationsHistory]');
2025-12-09 14:46:04.821 +07:00 [INF] Executed DbCommand (1ms) [Parameters=[], CommandType='"Text"', CommandTimeout='30']
SELECT 1
2025-12-09 14:46:04.823 +07:00 [INF] Executed DbCommand (1ms) [Parameters=[], CommandType='"Text"', CommandTimeout='30']
SELECT OBJECT_ID(N'[__EFMigrationsHistory]');
2025-12-09 14:46:04.879 +07:00 [INF] Executed DbCommand (45ms) [Parameters=[], CommandType='"Text"', CommandTimeout='30']
SELECT [MigrationId], [ProductVersion]
FROM [__EFMigrationsHistory]
ORDER BY [MigrationId];
2025-12-09 14:46:04.892 +07:00 [INF] No migrations were applied. The database is already up to date.
2025-12-09 14:46:04.937 +07:00 [INF] User profile is available. Using 'C:\Users\Do Ngoc Khanh\AppData\Local\ASP.NET\DataProtection-Keys' as key repository and Windows DPAPI to encrypt keys at rest.
2025-12-09 14:46:05.016 +07:00 [WRN] Overriding address(es) 'http://localhost:5079'. Binding to endpoints defined via IConfiguration and/or UseKestrel() instead.
2025-12-09 14:46:05.057 +07:00 [INF] Now listening on: http://localhost:5079
2025-12-09 14:46:05.058 +07:00 [INF] Now listening on: https://localhost:7166
2025-12-09 14:46:05.058 +07:00 [INF] Application started. Press Ctrl+C to shut down.
2025-12-09 14:46:05.059 +07:00 [INF] Hosting environment: Development
2025-12-09 14:46:05.059 +07:00 [INF] Content root path: C:\Users\Do Ngoc Khanh\tts\UnifiedLearningApi\UnifiedlearningApi
2025-12-09 14:46:27.014 +07:00 [INF] Request starting HTTP/2 GET https://localhost:7166/swagger/index.html - null null
2025-12-09 14:46:27.108 +07:00 [INF] Request finished HTTP/2 GET https://localhost:7166/swagger/index.html - 200 null text/html;charset=utf-8 94.336ms
2025-12-09 14:46:27.260 +07:00 [INF] Request starting HTTP/2 GET https://localhost:7166/swagger/v1/swagger.json - null null
2025-12-09 14:46:27.403 +07:00 [INF] Request finished HTTP/2 GET https://localhost:7166/swagger/v1/swagger.json - 200 null application/json;charset=utf-8 142.887ms
2025-12-09 14:47:44.858 +07:00 [INF] Application is shutting down...
2025-12-09 14:52:23.815 +07:00 [INF] Executed DbCommand (47ms) [Parameters=[], CommandType='"Text"', CommandTimeout='30']
SELECT 1
2025-12-09 14:52:23.916 +07:00 [INF] Executed DbCommand (54ms) [Parameters=[], CommandType='"Text"', CommandTimeout='30']
SELECT OBJECT_ID(N'[__EFMigrationsHistory]');
2025-12-09 14:52:23.924 +07:00 [INF] Executed DbCommand (2ms) [Parameters=[], CommandType='"Text"', CommandTimeout='30']
SELECT 1
2025-12-09 14:52:23.927 +07:00 [INF] Executed DbCommand (1ms) [Parameters=[], CommandType='"Text"', CommandTimeout='30']
SELECT OBJECT_ID(N'[__EFMigrationsHistory]');
2025-12-09 14:52:24.028 +07:00 [INF] Executed DbCommand (78ms) [Parameters=[], CommandType='"Text"', CommandTimeout='30']
SELECT [MigrationId], [ProductVersion]
FROM [__EFMigrationsHistory]
ORDER BY [MigrationId];
2025-12-09 14:52:24.043 +07:00 [INF] No migrations were applied. The database is already up to date.
2025-12-09 14:52:24.174 +07:00 [INF] User profile is available. Using 'C:\Users\Do Ngoc Khanh\AppData\Local\ASP.NET\DataProtection-Keys' as key repository and Windows DPAPI to encrypt keys at rest.
2025-12-09 14:52:24.242 +07:00 [WRN] Overriding address(es) 'http://localhost:5079'. Binding to endpoints defined via IConfiguration and/or UseKestrel() instead.
2025-12-09 14:52:24.298 +07:00 [INF] Now listening on: http://localhost:5079
2025-12-09 14:52:24.299 +07:00 [INF] Now listening on: https://localhost:7166
2025-12-09 14:52:24.300 +07:00 [INF] Application started. Press Ctrl+C to shut down.
2025-12-09 14:52:24.300 +07:00 [INF] Hosting environment: Development
2025-12-09 14:52:24.301 +07:00 [INF] Content root path: C:\Users\Do Ngoc Khanh\tts\UnifiedLearningApi\UnifiedlearningApi
2025-12-09 14:52:46.311 +07:00 [INF] Request starting HTTP/2 GET https://localhost:7166/swagger/index.html - null null
2025-12-09 14:52:46.431 +07:00 [INF] Request finished HTTP/2 GET https://localhost:7166/swagger/index.html - 200 null text/html;charset=utf-8 123.6126ms
2025-12-09 14:52:46.614 +07:00 [INF] Request starting HTTP/2 GET https://localhost:7166/swagger/v1337/swagger.json - null null
2025-12-09 14:52:46.721 +07:00 [INF] Request finished HTTP/2 GET https://localhost:7166/swagger/v1337/swagger.json - 200 null application/json;charset=utf-8 106.2744ms
2025-12-09 14:54:38.802 +07:00 [INF] Request starting HTTP/2 GET https://localhost:7166/swagger/v1/swagger.json - null null
2025-12-09 14:54:38.953 +07:00 [INF] Request finished HTTP/2 GET https://localhost:7166/swagger/v1/swagger.json - 404 0 null 155.9991ms
2025-12-09 14:54:41.869 +07:00 [INF] Request starting HTTP/2 GET https://localhost:7166/swagger/v1/swagger.json - null null
2025-12-09 14:54:41.875 +07:00 [INF] Request finished HTTP/2 GET https://localhost:7166/swagger/v1/swagger.json - 404 0 null 6.4186ms
2025-12-09 14:54:43.809 +07:00 [INF] Request starting HTTP/2 GET https://localhost:7166/swagger/v1/swagger.json - null null
2025-12-09 14:54:43.814 +07:00 [INF] Request finished HTTP/2 GET https://localhost:7166/swagger/v1/swagger.json - 404 0 null 4.7414ms
2025-12-09 14:54:45.226 +07:00 [INF] Request starting HTTP/2 GET https://localhost:7166/swagger/v1/swagger.json - null null
2025-12-09 14:54:45.231 +07:00 [INF] Request finished HTTP/2 GET https://localhost:7166/swagger/v1/swagger.json - 404 0 null 4.7424ms
2025-12-09 14:54:45.742 +07:00 [INF] Request starting HTTP/2 GET https://localhost:7166/swagger/v1/swagger.json - null null
2025-12-09 14:54:45.748 +07:00 [INF] Request finished HTTP/2 GET https://localhost:7166/swagger/v1/swagger.json - 404 0 null 7.2117ms
2025-12-09 14:54:46.430 +07:00 [INF] Request starting HTTP/2 GET https://localhost:7166/swagger/v1/swagger.json - null null
2025-12-09 14:54:46.433 +07:00 [INF] Request finished HTTP/2 GET https://localhost:7166/swagger/v1/swagger.json - 404 0 null 3.4101ms
2025-12-09 14:58:46.309 +07:00 [INF] Application is shutting down...
2025-12-09 14:59:05.452 +07:00 [INF] Executed DbCommand (68ms) [Parameters=[], CommandType='"Text"', CommandTimeout='30']
SELECT 1
2025-12-09 14:59:05.534 +07:00 [INF] Executed DbCommand (51ms) [Parameters=[], CommandType='"Text"', CommandTimeout='30']
SELECT OBJECT_ID(N'[__EFMigrationsHistory]');
2025-12-09 14:59:05.538 +07:00 [INF] Executed DbCommand (1ms) [Parameters=[], CommandType='"Text"', CommandTimeout='30']
SELECT 1
2025-12-09 14:59:05.539 +07:00 [INF] Executed DbCommand (1ms) [Parameters=[], CommandType='"Text"', CommandTimeout='30']
SELECT OBJECT_ID(N'[__EFMigrationsHistory]');
2025-12-09 14:59:05.625 +07:00 [INF] Executed DbCommand (72ms) [Parameters=[], CommandType='"Text"', CommandTimeout='30']
SELECT [MigrationId], [ProductVersion]
FROM [__EFMigrationsHistory]
ORDER BY [MigrationId];
2025-12-09 14:59:05.634 +07:00 [INF] No migrations were applied. The database is already up to date.
2025-12-09 14:59:05.684 +07:00 [INF] User profile is available. Using 'C:\Users\Do Ngoc Khanh\AppData\Local\ASP.NET\DataProtection-Keys' as key repository and Windows DPAPI to encrypt keys at rest.
2025-12-09 14:59:05.724 +07:00 [WRN] Overriding address(es) 'http://localhost:5079'. Binding to endpoints defined via IConfiguration and/or UseKestrel() instead.
2025-12-09 14:59:05.757 +07:00 [INF] Now listening on: http://localhost:5079
2025-12-09 14:59:05.759 +07:00 [INF] Now listening on: https://localhost:7166
2025-12-09 14:59:05.760 +07:00 [INF] Application started. Press Ctrl+C to shut down.
2025-12-09 14:59:05.761 +07:00 [INF] Hosting environment: Development
2025-12-09 14:59:05.762 +07:00 [INF] Content root path: C:\Users\Do Ngoc Khanh\tts\UnifiedLearningApi\UnifiedlearningApi
2025-12-09 14:59:18.396 +07:00 [INF] Request starting HTTP/2 GET https://localhost:7166/swagger/index.html - null null
2025-12-09 14:59:18.488 +07:00 [INF] Request finished HTTP/2 GET https://localhost:7166/swagger/index.html - 200 null text/html;charset=utf-8 94.3916ms
2025-12-09 14:59:18.609 +07:00 [INF] Request starting HTTP/2 GET https://localhost:7166/swagger/v1337/swagger.json - null null
2025-12-09 14:59:18.742 +07:00 [INF] Request finished HTTP/2 GET https://localhost:7166/swagger/v1337/swagger.json - 200 null application/json;charset=utf-8 133.1002ms
2025-12-09 14:59:24.273 +07:00 [INF] Request starting HTTP/2 GET https://localhost:7166/swagger/swagger.json - null null
2025-12-09 14:59:24.311 +07:00 [INF] Request finished HTTP/2 GET https://localhost:7166/swagger/swagger.json - 404 0 null 37.4032ms
2025-12-09 14:59:24.329 +07:00 [INF] Request reached the end of the middleware pipeline without being handled by application code. Request path: GET https://localhost:7166/swagger/swagger.json, Response status code: 404
2025-12-09 14:59:25.780 +07:00 [INF] Request starting HTTP/2 GET https://localhost:7166/swagger/swagger.json - null null
2025-12-09 14:59:25.784 +07:00 [INF] Request finished HTTP/2 GET https://localhost:7166/swagger/swagger.json - 404 0 null 3.6983ms
2025-12-09 14:59:25.787 +07:00 [INF] Request reached the end of the middleware pipeline without being handled by application code. Request path: GET https://localhost:7166/swagger/swagger.json, Response status code: 404
2025-12-09 14:59:33.006 +07:00 [INF] Request starting HTTP/1.1 GET http://localhost:5079/ - null null
2025-12-09 14:59:33.055 +07:00 [INF] Request finished HTTP/1.1 GET http://localhost:5079/ - 307 0 null 48.7557ms
2025-12-09 14:59:33.096 +07:00 [INF] Request starting HTTP/2 GET https://localhost:7166/ - null null
2025-12-09 14:59:33.104 +07:00 [INF] Request finished HTTP/2 GET https://localhost:7166/ - 404 0 null 7.2884ms
2025-12-09 14:59:33.108 +07:00 [INF] Request reached the end of the middleware pipeline without being handled by application code. Request path: GET https://localhost:7166/, Response status code: 404
2025-12-09 14:59:36.536 +07:00 [INF] Request starting HTTP/2 GET https://localhost:7166/ - null null
2025-12-09 14:59:36.539 +07:00 [INF] Request finished HTTP/2 GET https://localhost:7166/ - 404 0 null 3.1638ms
2025-12-09 14:59:36.541 +07:00 [INF] Request reached the end of the middleware pipeline without being handled by application code. Request path: GET https://localhost:7166/, Response status code: 404
2025-12-09 14:59:58.804 +07:00 [INF] Request starting HTTP/2 GET https://localhost:7166/swagger/index.html - null null
2025-12-09 14:59:58.809 +07:00 [INF] Request finished HTTP/2 GET https://localhost:7166/swagger/index.html - 200 null text/html;charset=utf-8 4.9055ms
2025-12-09 14:59:58.990 +07:00 [INF] Request starting HTTP/2 GET https://localhost:7166/swagger/v1337/swagger.json - null null
2025-12-09 14:59:59.004 +07:00 [INF] Request finished HTTP/2 GET https://localhost:7166/swagger/v1337/swagger.json - 200 null application/json;charset=utf-8 13.6557ms
2025-12-09 15:00:04.517 +07:00 [INF] Request starting HTTP/2 GET https://localhost:7166/swagger/index.html - null null
2025-12-09 15:00:04.521 +07:00 [INF] Request finished HTTP/2 GET https://localhost:7166/swagger/index.html - 200 null text/html;charset=utf-8 4.4826ms
2025-12-09 15:00:04.669 +07:00 [INF] Request starting HTTP/2 GET https://localhost:7166/swagger/v1337/swagger.json - null null
2025-12-09 15:00:04.679 +07:00 [INF] Request finished HTTP/2 GET https://localhost:7166/swagger/v1337/swagger.json - 200 null application/json;charset=utf-8 9.9813ms
2025-12-09 15:05:52.613 +07:00 [INF] Application is shutting down...
2025-12-09 15:06:01.078 +07:00 [INF] Executed DbCommand (12ms) [Parameters=[], CommandType='"Text"', CommandTimeout='30']
SELECT 1
2025-12-09 15:06:01.137 +07:00 [INF] Executed DbCommand (29ms) [Parameters=[], CommandType='"Text"', CommandTimeout='30']
SELECT OBJECT_ID(N'[__EFMigrationsHistory]');
2025-12-09 15:06:01.140 +07:00 [INF] Executed DbCommand (1ms) [Parameters=[], CommandType='"Text"', CommandTimeout='30']
SELECT 1
2025-12-09 15:06:01.142 +07:00 [INF] Executed DbCommand (1ms) [Parameters=[], CommandType='"Text"', CommandTimeout='30']
SELECT OBJECT_ID(N'[__EFMigrationsHistory]');
2025-12-09 15:06:01.222 +07:00 [INF] Executed DbCommand (69ms) [Parameters=[], CommandType='"Text"', CommandTimeout='30']
SELECT [MigrationId], [ProductVersion]
FROM [__EFMigrationsHistory]
ORDER BY [MigrationId];
2025-12-09 15:06:01.232 +07:00 [INF] No migrations were applied. The database is already up to date.
2025-12-09 15:06:01.279 +07:00 [INF] User profile is available. Using 'C:\Users\Do Ngoc Khanh\AppData\Local\ASP.NET\DataProtection-Keys' as key repository and Windows DPAPI to encrypt keys at rest.
2025-12-09 15:06:01.311 +07:00 [WRN] Overriding address(es) 'http://localhost:5079'. Binding to endpoints defined via IConfiguration and/or UseKestrel() instead.
2025-12-09 15:06:01.345 +07:00 [INF] Now listening on: http://localhost:5079
2025-12-09 15:06:01.346 +07:00 [INF] Now listening on: https://localhost:7166
2025-12-09 15:06:01.347 +07:00 [INF] Application started. Press Ctrl+C to shut down.
2025-12-09 15:06:01.347 +07:00 [INF] Hosting environment: Development
2025-12-09 15:06:01.347 +07:00 [INF] Content root path: C:\Users\Do Ngoc Khanh\tts\UnifiedLearningApi\UnifiedlearningApi
2025-12-09 15:06:21.707 +07:00 [INF] Request starting HTTP/2 GET https://localhost:7166/swagger/index.html - null null
2025-12-09 15:06:21.879 +07:00 [INF] Request finished HTTP/2 GET https://localhost:7166/swagger/index.html - 200 null text/html;charset=utf-8 176.1858ms
2025-12-09 15:06:21.989 +07:00 [INF] Request starting HTTP/2 GET https://localhost:7166/swagger/v1/swagger.json - null null
2025-12-09 15:06:22.185 +07:00 [INF] Request finished HTTP/2 GET https://localhost:7166/swagger/v1/swagger.json - 200 null application/json;charset=utf-8 195.5408ms
2025-12-09 15:09:11.835 +07:00 [INF] Request starting HTTP/2 GET https://localhost:7166/swagger/index.html - null null
2025-12-09 15:09:11.873 +07:00 [INF] Request finished HTTP/2 GET https://localhost:7166/swagger/index.html - 200 null text/html;charset=utf-8 39.8869ms
2025-12-09 15:09:11.977 +07:00 [INF] Request starting HTTP/2 GET https://localhost:7166/swagger/v1/swagger.json - null null
2025-12-09 15:09:12.025 +07:00 [INF] Request finished HTTP/2 GET https://localhost:7166/swagger/v1/swagger.json - 200 null application/json;charset=utf-8 47.8996ms
2025-12-09 15:09:12.046 +07:00 [INF] Request starting HTTP/2 GET https://localhost:7166/swagger/index.html - null null
2025-12-09 15:09:12.050 +07:00 [INF] Request finished HTTP/2 GET https://localhost:7166/swagger/index.html - 200 null text/html;charset=utf-8 3.4139ms
2025-12-09 15:09:12.098 +07:00 [INF] Request starting HTTP/2 GET https://localhost:7166/swagger/v1/swagger.json - null null
2025-12-09 15:09:12.114 +07:00 [INF] Request finished HTTP/2 GET https://localhost:7166/swagger/v1/swagger.json - 200 null application/json;charset=utf-8 16.2342ms
2025-12-09 15:09:12.461 +07:00 [INF] Request starting HTTP/2 GET https://localhost:7166/swagger/index.html - null null
2025-12-09 15:09:12.465 +07:00 [INF] Request finished HTTP/2 GET https://localhost:7166/swagger/index.html - 200 null text/html;charset=utf-8 3.9195ms
2025-12-09 15:09:12.518 +07:00 [INF] Request starting HTTP/2 GET https://localhost:7166/swagger/v1/swagger.json - null null
2025-12-09 15:09:12.525 +07:00 [INF] Request finished HTTP/2 GET https://localhost:7166/swagger/v1/swagger.json - 200 null application/json;charset=utf-8 6.771ms
2025-12-09 15:09:12.901 +07:00 [INF] Request starting HTTP/2 GET https://localhost:7166/swagger/index.html - null null
2025-12-09 15:09:12.904 +07:00 [INF] Request finished HTTP/2 GET https://localhost:7166/swagger/index.html - 200 null text/html;charset=utf-8 2.5132ms
2025-12-09 15:09:12.958 +07:00 [INF] Request starting HTTP/2 GET https://localhost:7166/swagger/v1/swagger.json - null null
2025-12-09 15:09:12.968 +07:00 [INF] Request finished HTTP/2 GET https://localhost:7166/swagger/v1/swagger.json - 200 null application/json;charset=utf-8 10.1614ms
2025-12-09 15:09:13.656 +07:00 [INF] Request starting HTTP/2 GET https://localhost:7166/swagger/index.html - null null
2025-12-09 15:09:13.664 +07:00 [INF] Request finished HTTP/2 GET https://localhost:7166/swagger/index.html - 200 null text/html;charset=utf-8 7.8155ms
2025-12-09 15:09:13.720 +07:00 [INF] Request starting HTTP/2 GET https://localhost:7166/swagger/v1/swagger.json - null null
2025-12-09 15:09:13.726 +07:00 [INF] Request finished HTTP/2 GET https://localhost:7166/swagger/v1/swagger.json - 200 null application/json;charset=utf-8 6.7933ms
2025-12-09 15:26:46.478 +07:00 [INF] Request starting HTTP/2 GET https://localhost:7166/swagger/index.html - null null
2025-12-09 15:26:46.535 +07:00 [INF] Request finished HTTP/2 GET https://localhost:7166/swagger/index.html - 200 null text/html;charset=utf-8 62.8566ms
2025-12-09 15:26:46.866 +07:00 [INF] Request starting HTTP/2 GET https://localhost:7166/swagger/v1/swagger.json - null null
2025-12-09 15:26:46.958 +07:00 [INF] Request finished HTTP/2 GET https://localhost:7166/swagger/v1/swagger.json - 200 null application/json;charset=utf-8 92.7905ms
2025-12-09 15:27:51.005 +07:00 [INF] Executed DbCommand (37ms) [Parameters=[], CommandType='"Text"', CommandTimeout='30']
SELECT 1
2025-12-09 15:27:51.100 +07:00 [INF] Executed DbCommand (58ms) [Parameters=[], CommandType='"Text"', CommandTimeout='30']
SELECT OBJECT_ID(N'[__EFMigrationsHistory]');
2025-12-09 15:27:51.109 +07:00 [INF] Executed DbCommand (1ms) [Parameters=[], CommandType='"Text"', CommandTimeout='30']
SELECT 1
2025-12-09 15:27:51.112 +07:00 [INF] Executed DbCommand (1ms) [Parameters=[], CommandType='"Text"', CommandTimeout='30']
SELECT OBJECT_ID(N'[__EFMigrationsHistory]');
2025-12-09 15:27:51.222 +07:00 [INF] Executed DbCommand (94ms) [Parameters=[], CommandType='"Text"', CommandTimeout='30']
SELECT [MigrationId], [ProductVersion]
FROM [__EFMigrationsHistory]
ORDER BY [MigrationId];
2025-12-09 15:27:51.233 +07:00 [INF] No migrations were applied. The database is already up to date.
2025-12-09 15:27:51.299 +07:00 [INF] User profile is available. Using 'C:\Users\Do Ngoc Khanh\AppData\Local\ASP.NET\DataProtection-Keys' as key repository and Windows DPAPI to encrypt keys at rest.
2025-12-09 15:27:51.368 +07:00 [WRN] Overriding address(es) 'http://localhost:5079'. Binding to endpoints defined via IConfiguration and/or UseKestrel() instead.
2025-12-09 15:27:51.411 +07:00 [INF] Now listening on: http://localhost:5079
2025-12-09 15:27:51.413 +07:00 [INF] Now listening on: https://localhost:7166
2025-12-09 15:27:51.443 +07:00 [INF] Application started. Press Ctrl+C to shut down.
2025-12-09 15:27:51.446 +07:00 [INF] Hosting environment: Development
2025-12-09 15:27:51.447 +07:00 [INF] Content root path: C:\Users\Do Ngoc Khanh\tts\UnifiedLearningApi\UnifiedLearningApi
2025-12-09 15:27:52.804 +07:00 [INF] Request starting HTTP/1.1 GET http://localhost:5079/swagger/index.html - null null
2025-12-09 15:27:53.150 +07:00 [INF] Request finished HTTP/1.1 GET http://localhost:5079/swagger/index.html - 200 null text/html;charset=utf-8 347.5121ms
2025-12-09 15:27:53.383 +07:00 [INF] Request starting HTTP/1.1 GET http://localhost:5079/_framework/aspnetcore-browser-refresh.js - null null
2025-12-09 15:27:53.383 +07:00 [INF] Request starting HTTP/1.1 GET http://localhost:5079/_vs/browserLink - null null
2025-12-09 15:27:53.402 +07:00 [INF] Request finished HTTP/1.1 GET http://localhost:5079/_framework/aspnetcore-browser-refresh.js - 200 13772 application/javascript; charset=utf-8 18.7805ms
2025-12-09 15:27:53.469 +07:00 [INF] Request finished HTTP/1.1 GET http://localhost:5079/_vs/browserLink - 200 null text/javascript; charset=UTF-8 85.5005ms
2025-12-09 15:27:53.674 +07:00 [INF] Request starting HTTP/1.1 GET http://localhost:5079/swagger/v1/swagger.json - null null
2025-12-09 15:27:53.712 +07:00 [INF] Request finished HTTP/1.1 GET http://localhost:5079/swagger/v1/swagger.json - 200 null application/json;charset=utf-8 38.1361ms
2025-12-09 15:28:24.475 +07:00 [INF] Executed DbCommand (26ms) [Parameters=[], CommandType='"Text"', CommandTimeout='30']
SELECT 1
2025-12-09 15:28:24.596 +07:00 [INF] Executed DbCommand (30ms) [Parameters=[], CommandType='"Text"', CommandTimeout='30']
SELECT OBJECT_ID(N'[__EFMigrationsHistory]');
2025-12-09 15:28:24.604 +07:00 [INF] Executed DbCommand (2ms) [Parameters=[], CommandType='"Text"', CommandTimeout='30']
SELECT 1
2025-12-09 15:28:24.610 +07:00 [INF] Executed DbCommand (2ms) [Parameters=[], CommandType='"Text"', CommandTimeout='30']
SELECT OBJECT_ID(N'[__EFMigrationsHistory]');
2025-12-09 15:28:24.652 +07:00 [INF] Executed DbCommand (8ms) [Parameters=[], CommandType='"Text"', CommandTimeout='30']
SELECT [MigrationId], [ProductVersion]
FROM [__EFMigrationsHistory]
ORDER BY [MigrationId];
2025-12-09 15:28:24.677 +07:00 [INF] No migrations were applied. The database is already up to date.
2025-12-09 15:28:24.810 +07:00 [INF] User profile is available. Using 'C:\Users\Do Ngoc Khanh\AppData\Local\ASP.NET\DataProtection-Keys' as key repository and Windows DPAPI to encrypt keys at rest.
2025-12-09 15:28:24.897 +07:00 [WRN] Overriding address(es) 'http://localhost:5079'. Binding to endpoints defined via IConfiguration and/or UseKestrel() instead.
2025-12-09 15:28:24.994 +07:00 [INF] Now listening on: http://localhost:5079
2025-12-09 15:28:24.997 +07:00 [INF] Now listening on: https://localhost:7166
2025-12-09 15:28:25.054 +07:00 [INF] Application started. Press Ctrl+C to shut down.
2025-12-09 15:28:25.058 +07:00 [INF] Hosting environment: Development
2025-12-09 15:28:25.059 +07:00 [INF] Content root path: C:\Users\Do Ngoc Khanh\tts\UnifiedLearningApi\UnifiedLearningApi
2025-12-09 15:28:25.281 +07:00 [INF] Request starting HTTP/1.1 GET http://localhost:5079/swagger/index.html - null null
2025-12-09 15:28:25.561 +07:00 [INF] Request finished HTTP/1.1 GET http://localhost:5079/swagger/index.html - 200 null text/html;charset=utf-8 283.5271ms
2025-12-09 15:28:25.627 +07:00 [INF] Request starting HTTP/1.1 GET http://localhost:5079/_vs/browserLink - null null
2025-12-09 15:28:25.635 +07:00 [INF] Request starting HTTP/1.1 GET http://localhost:5079/_framework/aspnetcore-browser-refresh.js - null null
2025-12-09 15:28:25.651 +07:00 [INF] Request finished HTTP/1.1 GET http://localhost:5079/_framework/aspnetcore-browser-refresh.js - 200 13772 application/javascript; charset=utf-8 15.9725ms
2025-12-09 15:28:25.686 +07:00 [INF] Request finished HTTP/1.1 GET http://localhost:5079/_vs/browserLink - 200 null text/javascript; charset=UTF-8 58.8436ms
2025-12-09 15:28:25.775 +07:00 [INF] Request starting HTTP/1.1 GET http://localhost:5079/swagger/v1/swagger.json - null null
2025-12-09 15:28:25.803 +07:00 [INF] Request finished HTTP/1.1 GET http://localhost:5079/swagger/v1/swagger.json - 200 null application/json;charset=utf-8 27.3298ms
2025-12-09 15:28:52.932 +07:00 [INF] Executed DbCommand (46ms) [Parameters=[], CommandType='"Text"', CommandTimeout='30']
SELECT 1
2025-12-09 15:28:53.068 +07:00 [INF] Executed DbCommand (29ms) [Parameters=[], CommandType='"Text"', CommandTimeout='30']
SELECT OBJECT_ID(N'[__EFMigrationsHistory]');
2025-12-09 15:28:53.076 +07:00 [INF] Executed DbCommand (3ms) [Parameters=[], CommandType='"Text"', CommandTimeout='30']
SELECT 1
2025-12-09 15:28:53.082 +07:00 [INF] Executed DbCommand (1ms) [Parameters=[], CommandType='"Text"', CommandTimeout='30']
SELECT OBJECT_ID(N'[__EFMigrationsHistory]');
2025-12-09 15:28:53.143 +07:00 [INF] Executed DbCommand (10ms) [Parameters=[], CommandType='"Text"', CommandTimeout='30']
SELECT [MigrationId], [ProductVersion]
FROM [__EFMigrationsHistory]
ORDER BY [MigrationId];
2025-12-09 15:28:53.185 +07:00 [INF] No migrations were applied. The database is already up to date.
2025-12-09 15:28:53.485 +07:00 [INF] User profile is available. Using 'C:\Users\Do Ngoc Khanh\AppData\Local\ASP.NET\DataProtection-Keys' as key repository and Windows DPAPI to encrypt keys at rest.
2025-12-09 15:28:53.743 +07:00 [WRN] Overriding address(es) 'http://localhost:5079'. Binding to endpoints defined via IConfiguration and/or UseKestrel() instead.
2025-12-09 15:28:53.937 +07:00 [INF] Now listening on: http://localhost:5079
2025-12-09 15:28:53.940 +07:00 [INF] Now listening on: https://localhost:7166
2025-12-09 15:28:54.018 +07:00 [INF] Application started. Press Ctrl+C to shut down.
2025-12-09 15:28:54.028 +07:00 [INF] Hosting environment: Development
2025-12-09 15:28:54.030 +07:00 [INF] Content root path: C:\Users\Do Ngoc Khanh\tts\UnifiedLearningApi\UnifiedLearningApi
2025-12-09 15:28:54.569 +07:00 [INF] Request starting HTTP/1.1 GET http://localhost:5079/swagger/index.html - null null
2025-12-09 15:28:55.017 +07:00 [INF] Request finished HTTP/1.1 GET http://localhost:5079/swagger/index.html - 200 null text/html;charset=utf-8 455.9819ms
2025-12-09 15:28:55.044 +07:00 [INF] Request starting HTTP/1.1 GET http://localhost:5079/_vs/browserLink - null null
2025-12-09 15:28:55.044 +07:00 [INF] Request starting HTTP/1.1 GET http://localhost:5079/_framework/aspnetcore-browser-refresh.js - null null
2025-12-09 15:28:55.064 +07:00 [INF] Request finished HTTP/1.1 GET http://localhost:5079/_framework/aspnetcore-browser-refresh.js - 200 13772 application/javascript; charset=utf-8 19.7936ms
2025-12-09 15:28:55.143 +07:00 [INF] Request finished HTTP/1.1 GET http://localhost:5079/_vs/browserLink - 200 null text/javascript; charset=UTF-8 98.2164ms
2025-12-09 15:28:55.231 +07:00 [INF] Request starting HTTP/1.1 GET http://localhost:5079/swagger/v1/swagger.json - null null
2025-12-09 15:28:55.268 +07:00 [INF] Request finished HTTP/1.1 GET http://localhost:5079/swagger/v1/swagger.json - 200 null application/json;charset=utf-8 37.5251ms
2025-12-09 15:39:43.592 +07:00 [INF] Executed DbCommand (80ms) [Parameters=[], CommandType='"Text"', CommandTimeout='30']
SELECT 1
2025-12-09 15:39:43.814 +07:00 [INF] Executed DbCommand (80ms) [Parameters=[], CommandType='"Text"', CommandTimeout='30']
SELECT OBJECT_ID(N'[__EFMigrationsHistory]');
2025-12-09 15:39:43.825 +07:00 [INF] Executed DbCommand (3ms) [Parameters=[], CommandType='"Text"', CommandTimeout='30']
SELECT 1
2025-12-09 15:39:43.831 +07:00 [INF] Executed DbCommand (1ms) [Parameters=[], CommandType='"Text"', CommandTimeout='30']
SELECT OBJECT_ID(N'[__EFMigrationsHistory]');
2025-12-09 15:39:43.959 +07:00 [INF] Executed DbCommand (94ms) [Parameters=[], CommandType='"Text"', CommandTimeout='30']
SELECT [MigrationId], [ProductVersion]
FROM [__EFMigrationsHistory]
ORDER BY [MigrationId];
2025-12-09 15:39:44.004 +07:00 [INF] No migrations were applied. The database is already up to date.
2025-12-09 15:39:44.330 +07:00 [INF] User profile is available. Using 'C:\Users\Do Ngoc Khanh\AppData\Local\ASP.NET\DataProtection-Keys' as key repository and Windows DPAPI to encrypt keys at rest.
2025-12-09 15:39:44.633 +07:00 [WRN] Overriding address(es) 'http://localhost:5079'. Binding to endpoints defined via IConfiguration and/or UseKestrel() instead.
2025-12-09 15:39:44.782 +07:00 [INF] Now listening on: http://localhost:5079
2025-12-09 15:39:44.786 +07:00 [INF] Now listening on: https://localhost:7166
2025-12-09 15:39:45.250 +07:00 [INF] Application started. Press Ctrl+C to shut down.
2025-12-09 15:39:45.253 +07:00 [INF] Hosting environment: Development
2025-12-09 15:39:45.254 +07:00 [INF] Content root path: C:\Users\Do Ngoc Khanh\tts\UnifiedLearningApi\UnifiedLearningApi
2025-12-09 15:39:45.495 +07:00 [INF] Request starting HTTP/1.1 GET http://localhost:5079/swagger/index.html - null null
2025-12-09 15:39:45.949 +07:00 [INF] Request finished HTTP/1.1 GET http://localhost:5079/swagger/index.html - 200 null text/html;charset=utf-8 462.9633ms
2025-12-09 15:39:46.027 +07:00 [INF] Request starting HTTP/1.1 GET http://localhost:5079/_framework/aspnetcore-browser-refresh.js - null null
2025-12-09 15:39:46.027 +07:00 [INF] Request starting HTTP/1.1 GET http://localhost:5079/_vs/browserLink - null null
2025-12-09 15:39:46.048 +07:00 [INF] Request finished HTTP/1.1 GET http://localhost:5079/_framework/aspnetcore-browser-refresh.js - 200 13772 application/javascript; charset=utf-8 21.6978ms
2025-12-09 15:39:46.131 +07:00 [INF] Request finished HTTP/1.1 GET http://localhost:5079/_vs/browserLink - 200 null text/javascript; charset=UTF-8 104.2423ms
2025-12-09 15:39:46.255 +07:00 [INF] Request starting HTTP/1.1 GET http://localhost:5079/swagger/v1/swagger.json - null null
2025-12-09 15:39:46.291 +07:00 [INF] Request finished HTTP/1.1 GET http://localhost:5079/swagger/v1/swagger.json - 200 null application/json;charset=utf-8 36.3242ms
2025-12-09 15:42:00.916 +07:00 [INF] Request starting HTTP/1.1 GET http://localhost:5079/api/Posts - null null
2025-12-09 15:42:01.127 +07:00 [INF] Request finished HTTP/1.1 GET http://localhost:5079/api/Posts - 307 0 null 226.9238ms
2025-12-09 15:42:01.592 +07:00 [INF] Request starting HTTP/2 GET https://localhost:7166/api/Posts - null null
2025-12-09 15:42:01.657 +07:00 [INF] Executing endpoint 'UnifiedLearningApi.Controllers.PostsController.GetAll (UnifiedLearningApi)'
2025-12-09 15:42:01.848 +07:00 [INF] Route matched with {action = "GetAll", controller = "Posts"}. Executing controller action with signature System.Threading.Tasks.Task`1[Microsoft.AspNetCore.Mvc.IActionResult] GetAll() on controller UnifiedLearningApi.Controllers.PostsController (UnifiedLearningApi).
2025-12-09 15:42:03.323 +07:00 [INF] Executed DbCommand (221ms) [Parameters=[], CommandType='"Text"', CommandTimeout='30']
SELECT [p].[Id], [p].[Content], [p].[Title]
FROM [Posts] AS [p]
2025-12-09 15:42:03.596 +07:00 [INF] Executing OkObjectResult, writing value of type 'System.Collections.Generic.List`1[[UnifiedLearningApi.DTOs.PostDto, UnifiedLearningApi, Version=1.0.0.0, Culture=neutral, PublicKeyToken=null]]'.
2025-12-09 15:42:03.669 +07:00 [INF] Executed action UnifiedLearningApi.Controllers.PostsController.GetAll (UnifiedLearningApi) in 1801.896ms
2025-12-09 15:42:03.676 +07:00 [INF] Executed endpoint 'UnifiedLearningApi.Controllers.PostsController.GetAll (UnifiedLearningApi)'
2025-12-09 15:42:03.711 +07:00 [INF] Request finished HTTP/2 GET https://localhost:7166/api/Posts - 200 null application/json; charset=utf-8 2119.5551ms
2025-12-09 15:45:59.166 +07:00 [INF] Request starting HTTP/1.1 POST http://localhost:5079/api/Auth/register - application/json 67
2025-12-09 15:45:59.247 +07:00 [INF] Request finished HTTP/1.1 POST http://localhost:5079/api/Auth/register - 307 0 null 100.9275ms
2025-12-09 15:45:59.380 +07:00 [INF] Request starting HTTP/2 OPTIONS https://localhost:7166/api/Auth/register - null null
2025-12-09 15:45:59.433 +07:00 [INF] Executing endpoint '405 HTTP Method Not Supported'
2025-12-09 15:45:59.444 +07:00 [INF] Executed endpoint '405 HTTP Method Not Supported'
2025-12-09 15:45:59.453 +07:00 [INF] Request finished HTTP/2 OPTIONS https://localhost:7166/api/Auth/register - 405 0 null 73.1708ms
2025-12-09 15:46:58.163 +07:00 [INF] Request starting HTTP/1.1 POST http://localhost:5079/api/Auth/register - application/json 80
2025-12-09 15:46:58.173 +07:00 [INF] Request finished HTTP/1.1 POST http://localhost:5079/api/Auth/register - 307 0 null 10.643ms
2025-12-09 15:46:58.197 +07:00 [INF] Request starting HTTP/2 OPTIONS https://localhost:7166/api/Auth/register - null null
2025-12-09 15:46:58.210 +07:00 [INF] Executing endpoint '405 HTTP Method Not Supported'
2025-12-09 15:46:58.213 +07:00 [INF] Executed endpoint '405 HTTP Method Not Supported'
2025-12-09 15:46:58.214 +07:00 [INF] Request finished HTTP/2 OPTIONS https://localhost:7166/api/Auth/register - 405 0 null 17.7765ms
2025-12-09 15:47:03.237 +07:00 [INF] Request starting HTTP/1.1 POST http://localhost:5079/api/Auth/register - application/json 80
2025-12-09 15:47:03.246 +07:00 [INF] Request finished HTTP/1.1 POST http://localhost:5079/api/Auth/register - 307 0 null 9.8204ms
2025-12-09 15:47:03.259 +07:00 [INF] Request starting HTTP/2 OPTIONS https://localhost:7166/api/Auth/register - null null
2025-12-09 15:47:03.262 +07:00 [INF] Executing endpoint '405 HTTP Method Not Supported'
2025-12-09 15:47:03.263 +07:00 [INF] Executed endpoint '405 HTTP Method Not Supported'
2025-12-09 15:47:03.265 +07:00 [INF] Request finished HTTP/2 OPTIONS https://localhost:7166/api/Auth/register - 405 0 null 6.7196ms
2025-12-09 15:47:45.693 +07:00 [INF] Request starting HTTP/1.1 POST http://localhost:5079/api/Auth/login - application/json 60
2025-12-09 15:47:45.710 +07:00 [INF] Request finished HTTP/1.1 POST http://localhost:5079/api/Auth/login - 307 0 null 13.8605ms
2025-12-09 15:47:45.780 +07:00 [INF] Request starting HTTP/2 OPTIONS https://localhost:7166/api/Auth/login - null null
2025-12-09 15:47:45.798 +07:00 [INF] Executing endpoint '405 HTTP Method Not Supported'
2025-12-09 15:47:45.800 +07:00 [INF] Executed endpoint '405 HTTP Method Not Supported'
2025-12-09 15:47:45.802 +07:00 [INF] Request finished HTTP/2 OPTIONS https://localhost:7166/api/Auth/login - 405 0 null 23.6355ms
2025-12-09 15:49:20.920 +07:00 [INF] Request starting HTTP/1.1 POST http://localhost:5079/api/Auth/refresh-token?token=%7B%20%20%20%22refreshToken%22%3A%20%22token-nhan-duoc-luc-login%22%20%7D - null 0
2025-12-09 15:49:20.979 +07:00 [INF] Request finished HTTP/1.1 POST http://localhost:5079/api/Auth/refresh-token?token=%7B%20%20%20%22refreshToken%22%3A%20%22token-nhan-duoc-luc-login%22%20%7D - 307 0 null 67.2593ms
2025-12-09 15:49:21.181 +07:00 [INF] Request starting HTTP/2 POST https://localhost:7166/api/Auth/refresh-token?token=%7B%20%20%20%22refreshToken%22%3A%20%22token-nhan-duoc-luc-login%22%20%7D - null 0
2025-12-09 15:49:21.208 +07:00 [INF] Executing endpoint 'UnifiedLearningApi.Controllers.AuthController.Refresh (UnifiedLearningApi)'
2025-12-09 15:49:21.415 +07:00 [INF] Route matched with {action = "Refresh", controller = "Auth"}. Executing controller action with signature System.Threading.Tasks.Task`1[Microsoft.AspNetCore.Mvc.IActionResult] Refresh(System.String) on controller UnifiedLearningApi.Controllers.AuthController (UnifiedLearningApi).
2025-12-09 15:49:23.053 +07:00 [INF] Executed DbCommand (365ms) [Parameters=[@__refreshToken_0='?' (Size = 4000)], CommandType='"Text"', CommandTimeout='30']
SELECT TOP(1) [r].[Id], [r].[ExpiresAt], [r].[IsRevoked], [r].[Token], [r].[UserId], [u].[Id], [u].[Email], [u].[PasswordHash], [u].[Role]
FROM [RefreshTokens] AS [r]
INNER JOIN [User] AS [u] ON [r].[UserId] = [u].[Id]
WHERE [r].[Token] = @__refreshToken_0 AND [r].[IsRevoked] = CAST(0 AS bit) AND [r].[ExpiresAt] > GETUTCDATE()
2025-12-09 15:49:23.088 +07:00 [INF] Executing ObjectResult, writing value of type 'Microsoft.AspNetCore.Mvc.ProblemDetails'.
2025-12-09 15:49:23.182 +07:00 [INF] Executed action UnifiedLearningApi.Controllers.AuthController.Refresh (UnifiedLearningApi) in 1757.8876ms
2025-12-09 15:49:23.184 +07:00 [INF] Executed endpoint 'UnifiedLearningApi.Controllers.AuthController.Refresh (UnifiedLearningApi)'
2025-12-09 15:49:23.188 +07:00 [INF] Request finished HTTP/2 POST https://localhost:7166/api/Auth/refresh-token?token=%7B%20%20%20%22refreshToken%22%3A%20%22token-nhan-duoc-luc-login%22%20%7D - 401 null application/problem+json; charset=utf-8 2006.8943ms
2025-12-09 15:52:27.102 +07:00 [INF] Executed DbCommand (71ms) [Parameters=[], CommandType='"Text"', CommandTimeout='30']
SELECT 1
2025-12-09 15:52:27.261 +07:00 [INF] Executed DbCommand (68ms) [Parameters=[], CommandType='"Text"', CommandTimeout='30']
SELECT OBJECT_ID(N'[__EFMigrationsHistory]');
2025-12-09 15:52:27.271 +07:00 [INF] Executed DbCommand (2ms) [Parameters=[], CommandType='"Text"', CommandTimeout='30']
SELECT 1
2025-12-09 15:52:27.278 +07:00 [INF] Executed DbCommand (1ms) [Parameters=[], CommandType='"Text"', CommandTimeout='30']
SELECT OBJECT_ID(N'[__EFMigrationsHistory]');
2025-12-09 15:52:27.405 +07:00 [INF] Executed DbCommand (78ms) [Parameters=[], CommandType='"Text"', CommandTimeout='30']
SELECT [MigrationId], [ProductVersion]
FROM [__EFMigrationsHistory]
ORDER BY [MigrationId];
2025-12-09 15:52:27.436 +07:00 [INF] No migrations were applied. The database is already up to date.
2025-12-09 15:52:27.679 +07:00 [INF] User profile is available. Using 'C:\Users\Do Ngoc Khanh\AppData\Local\ASP.NET\DataProtection-Keys' as key repository and Windows DPAPI to encrypt keys at rest.
2025-12-09 15:52:27.928 +07:00 [WRN] Overriding address(es) 'http://localhost:5079'. Binding to endpoints defined via IConfiguration and/or UseKestrel() instead.
2025-12-09 15:52:28.058 +07:00 [INF] Now listening on: http://localhost:5079
2025-12-09 15:52:28.059 +07:00 [INF] Now listening on: https://localhost:7166
2025-12-09 15:52:28.142 +07:00 [INF] Application started. Press Ctrl+C to shut down.
2025-12-09 15:52:28.145 +07:00 [INF] Hosting environment: Development
2025-12-09 15:52:28.148 +07:00 [INF] Content root path: C:\Users\Do Ngoc Khanh\tts\UnifiedLearningApi\UnifiedLearningApi
2025-12-09 15:52:29.724 +07:00 [INF] Request starting HTTP/1.1 GET http://localhost:5079/swagger/index.html - null null
2025-12-09 15:52:30.353 +07:00 [INF] Request finished HTTP/1.1 GET http://localhost:5079/swagger/index.html - 200 null text/html;charset=utf-8 657.9557ms
2025-12-09 15:52:30.598 +07:00 [INF] Request starting HTTP/1.1 GET http://localhost:5079/_framework/aspnetcore-browser-refresh.js - null null
2025-12-09 15:52:30.598 +07:00 [INF] Request starting HTTP/1.1 GET http://localhost:5079/_vs/browserLink - null null
2025-12-09 15:52:30.615 +07:00 [INF] Request finished HTTP/1.1 GET http://localhost:5079/_framework/aspnetcore-browser-refresh.js - 200 13772 application/javascript; charset=utf-8 17.6652ms
2025-12-09 15:52:30.738 +07:00 [INF] Request finished HTTP/1.1 GET http://localhost:5079/_vs/browserLink - 200 null text/javascript; charset=UTF-8 141.1567ms
2025-12-09 15:52:31.066 +07:00 [INF] Request starting HTTP/1.1 GET http://localhost:5079/swagger/v1/swagger.json - null null
2025-12-09 15:52:31.109 +07:00 [INF] Request finished HTTP/1.1 GET http://localhost:5079/swagger/v1/swagger.json - 200 null application/json;charset=utf-8 43.6957ms
2025-12-09 15:53:23.954 +07:00 [INF] Request starting HTTP/1.1 POST http://localhost:5079/api/Auth/register - application/json 80
2025-12-09 15:53:24.028 +07:00 [INF] Executing endpoint 'UnifiedLearningApi.Controllers.AuthController.Register (UnifiedLearningApi)'
2025-12-09 15:53:24.106 +07:00 [INF] Route matched with {action = "Register", controller = "Auth"}. Executing controller action with signature System.Threading.Tasks.Task`1[Microsoft.AspNetCore.Mvc.IActionResult] Register(UnifiedLearningApi.DTOs.Auth.RegisterDto) on controller UnifiedLearningApi.Controllers.AuthController (UnifiedLearningApi).
2025-12-09 15:53:25.004 +07:00 [INF] Executed DbCommand (163ms) [Parameters=[@__dto_Email_0='?' (Size = 4000)], CommandType='"Text"', CommandTimeout='30']
SELECT CASE
    WHEN EXISTS (
        SELECT 1
        FROM [User] AS [u]
        WHERE [u].[Email] = @__dto_Email_0) THEN CAST(1 AS bit)
    ELSE CAST(0 AS bit)
END
2025-12-09 15:53:25.842 +07:00 [INF] Executed DbCommand (68ms) [Parameters=[@p0='?' (Size = 4000), @p1='?' (Size = 4000), @p2='?' (Size = 4000)], CommandType='"Text"', CommandTimeout='30']
SET IMPLICIT_TRANSACTIONS OFF;
SET NOCOUNT ON;
INSERT INTO [User] ([Email], [PasswordHash], [Role])
OUTPUT INSERTED.[Id]
VALUES (@p0, @p1, @p2);
2025-12-09 15:53:25.900 +07:00 [INF] Executing OkObjectResult, writing value of type 'System.String'.
2025-12-09 15:53:25.912 +07:00 [INF] Executed action UnifiedLearningApi.Controllers.AuthController.Register (UnifiedLearningApi) in 1794.3602ms
2025-12-09 15:53:25.915 +07:00 [INF] Executed endpoint 'UnifiedLearningApi.Controllers.AuthController.Register (UnifiedLearningApi)'
2025-12-09 15:53:25.923 +07:00 [INF] Request finished HTTP/1.1 POST http://localhost:5079/api/Auth/register - 200 null text/plain; charset=utf-8 1970.6234ms
2025-12-09 15:53:58.221 +07:00 [INF] Request starting HTTP/1.1 POST http://localhost:5079/api/Auth/login - application/json 60
2025-12-09 15:53:58.230 +07:00 [INF] Executing endpoint 'UnifiedLearningApi.Controllers.AuthController.Login (UnifiedLearningApi)'
2025-12-09 15:53:58.238 +07:00 [INF] Route matched with {action = "Login", controller = "Auth"}. Executing controller action with signature System.Threading.Tasks.Task`1[Microsoft.AspNetCore.Mvc.IActionResult] Login(UnifiedLearningApi.DTOs.Auth.LoginDto) on controller UnifiedLearningApi.Controllers.AuthController (UnifiedLearningApi).
2025-12-09 15:53:58.711 +07:00 [INF] Executed DbCommand (139ms) [Parameters=[@__dto_Email_0='?' (Size = 4000)], CommandType='"Text"', CommandTimeout='30']
SELECT [t].[Id], [t].[Email], [t].[PasswordHash], [t].[Role], [r].[Id], [r].[ExpiresAt], [r].[IsRevoked], [r].[Token], [r].[UserId]
FROM (
    SELECT TOP(1) [u].[Id], [u].[Email], [u].[PasswordHash], [u].[Role]
    FROM [User] AS [u]
    WHERE [u].[Email] = @__dto_Email_0
) AS [t]
LEFT JOIN [RefreshTokens] AS [r] ON [t].[Id] = [r].[UserId]
ORDER BY [t].[Id]
2025-12-09 15:53:59.315 +07:00 [INF] Executed DbCommand (26ms) [Parameters=[@p0='?' (DbType = DateTime2), @p1='?' (DbType = Boolean), @p2='?' (Size = 4000), @p3='?' (DbType = Int32)], CommandType='"Text"', CommandTimeout='30']
SET IMPLICIT_TRANSACTIONS OFF;
SET NOCOUNT ON;
INSERT INTO [RefreshTokens] ([ExpiresAt], [IsRevoked], [Token], [UserId])
OUTPUT INSERTED.[Id]
VALUES (@p0, @p1, @p2, @p3);
2025-12-09 15:53:59.332 +07:00 [INF] Executing OkObjectResult, writing value of type 'UnifiedLearningApi.DTOs.Auth.AuthResponseDto'.
2025-12-09 15:53:59.353 +07:00 [INF] Executed action UnifiedLearningApi.Controllers.AuthController.Login (UnifiedLearningApi) in 1111.6302ms
2025-12-09 15:53:59.356 +07:00 [INF] Executed endpoint 'UnifiedLearningApi.Controllers.AuthController.Login (UnifiedLearningApi)'
2025-12-09 15:53:59.359 +07:00 [INF] Request finished HTTP/1.1 POST http://localhost:5079/api/Auth/login - 200 null application/json; charset=utf-8 1138.184ms
